Log file open, 10/30/20 02:25:19
LogWindows: Failed to load 'aqProf.dll' (GetLastError=126)
LogWindows: File 'aqProf.dll' does not exist
LogWindows: Failed to load 'VtuneApi.dll' (GetLastError=126)
LogWindows: File 'VtuneApi.dll' does not exist
LogWindows: Failed to load 'VtuneApi32e.dll' (GetLastError=126)
LogWindows: File 'VtuneApi32e.dll' does not exist
LogConsoleResponse: Display: Failed to find resolution value strings in scalability ini. Falling back to default.
LogInit: Display: Running engine for game: Project01
LogPakFile: Registered encryption key '00000000000000000000000000000000': 0 pak files mounted, 0 remain pending
LogPlatformFile: Not using cached read wrapper
LogTaskGraph: Started task graph with 5 named threads and 23 total threads with 3 sets of task threads.
LogStats: Stats thread started at 0.762303
LogD3D11RHI: Loaded GFSDK_Aftermath_Lib.x64.dll
LogICUInternationalization: ICU TimeZone Detection - Raw Offset: +9:00, Platform Override: ''
LogPluginManager: Mounting plugin Paper2D
LogPluginManager: Mounting plugin AISupport
LogPluginManager: Mounting plugin LightPropagationVolume
LogPluginManager: Mounting plugin ActorLayerUtilities
LogPluginManager: Mounting plugin CLionSourceCodeAccess
LogPluginManager: Mounting plugin CodeLiteSourceCodeAccess
LogPluginManager: Mounting plugin GitSourceControl
LogPluginManager: Mounting plugin KDevelopSourceCodeAccess
LogPluginManager: Mounting plugin NullSourceCodeAccess
LogPluginManager: Mounting plugin PerforceSourceControl
LogPluginManager: Mounting plugin SubversionSourceControl
LogPluginManager: Mounting plugin UObjectPlugin
LogPluginManager: Mounting plugin VisualStudioCodeSourceCodeAccess
LogPluginManager: Mounting plugin VisualStudioSourceCodeAccess
LogPluginManager: Mounting plugin XCodeSourceCodeAccess
LogPluginManager: Mounting plugin AssetManagerEditor
LogPluginManager: Mounting plugin CryptoKeys
LogPluginManager: Mounting plugin DataValidation
LogPluginManager: Mounting plugin FacialAnimation
LogPluginManager: Mounting plugin GameplayTagsEditor
LogPluginManager: Mounting plugin MacGraphicsSwitching
LogPluginManager: Mounting plugin MeshEditor
LogPluginManager: Mounting plugin MobileLauncherProfileWizard
LogPluginManager: Mounting plugin PluginBrowser
LogPluginManager: Mounting plugin SpeedTreeImporter
LogPluginManager: Mounting plugin DatasmithContent
LogPluginManager: Mounting plugin VariantManagerContent
LogPluginManager: Mounting plugin AlembicImporter
LogPluginManager: Mounting plugin AppleImageUtils
LogPluginManager: Mounting plugin AppleVision
LogPluginManager: Mounting plugin BackChannel
LogPluginManager: Mounting plugin CharacterAI
LogPluginManager: Mounting plugin GeometryCache
LogPluginManager: Mounting plugin HTML5Networking
LogPluginManager: Mounting plugin ProxyLODPlugin
LogPluginManager: Mounting plugin MagicLeap
LogPluginManager: Mounting plugin MagicLeapMedia
LogPluginManager: Mounting plugin AndroidMedia
LogPluginManager: Mounting plugin AvfMedia
LogPluginManager: Mounting plugin ImgMedia
LogPluginManager: Mounting plugin LinearTimecode
LogPluginManager: Mounting plugin MediaCompositing
LogPluginManager: Mounting plugin MediaPlayerEditor
LogPluginManager: Mounting plugin WebMMedia
LogPluginManager: Mounting plugin WmfMedia
LogPluginManager: Mounting plugin TcpMessaging
LogPluginManager: Mounting plugin UdpMessaging
LogPluginManager: Mounting plugin ActorSequence
LogPluginManager: Mounting plugin LevelSequenceEditor
LogPluginManager: Mounting plugin MatineeToLevelSequence
LogPluginManager: Mounting plugin NetcodeUnitTest
LogPluginManager: Mounting plugin NUTUnrealEngine4
LogPluginManager: Mounting plugin OnlineSubsystemGooglePlay
LogPluginManager: Mounting plugin OnlineSubsystemIOS
LogPluginManager: Mounting plugin OnlineSubsystem
LogPluginManager: Mounting plugin OnlineSubsystemNull
LogPluginManager: Mounting plugin OnlineSubsystemUtils
LogPluginManager: Mounting plugin LauncherChunkInstaller
LogPluginManager: Mounting plugin AndroidDeviceProfileSelector
LogPluginManager: Mounting plugin AndroidMoviePlayer
LogPluginManager: Mounting plugin AndroidPermission
LogPluginManager: Mounting plugin AppleMoviePlayer
LogPluginManager: Mounting plugin ArchVisCharacter
LogPluginManager: Mounting plugin AudioCapture
LogPluginManager: Mounting plugin CableComponent
LogPluginManager: Mounting plugin CustomMeshComponent
LogPluginManager: Mounting plugin EditableMesh
LogPluginManager: Mounting plugin ExampleDeviceProfileSelector
LogPluginManager: Mounting plugin Firebase
LogPluginManager: Mounting plugin GoogleCloudMessaging
LogPluginManager: Mounting plugin IOSDeviceProfileSelector
LogPluginManager: Mounting plugin LinuxDeviceProfileSelector
LogPluginManager: Mounting plugin LocationServicesBPLibrary
LogPluginManager: Mounting plugin MobilePatchingUtils
LogPluginManager: Mounting plugin OculusVR
LogPluginManager: Mounting plugin PhysXVehicles
LogPluginManager: Mounting plugin ProceduralMeshComponent
LogPluginManager: Mounting plugin RuntimePhysXCooking
LogPluginManager: Mounting plugin SteamVR
LogPluginManager: Mounting plugin WebMMoviePlayer
LogPluginManager: Mounting plugin WindowsMoviePlayer
LogStreaming: Display: Took  0.240s to configure plugins.
LogInit: Using libcurl 7.55.1-DEV
LogInit:  - built for x86_64-pc-win32
LogInit:  - supports SSL with OpenSSL/1.0.2h
LogInit:  - supports HTTP deflate (compression) using libz 1.2.8
LogInit:  - other features:
LogInit:      CURL_VERSION_SSL
LogInit:      CURL_VERSION_LIBZ
LogInit:      CURL_VERSION_IPV6
LogInit:      CURL_VERSION_ASYNCHDNS
LogInit:      CURL_VERSION_LARGEFILE
LogInit:      CURL_VERSION_IDN
LogInit:  CurlRequestOptions (configurable via config and command line):
LogInit:  - bVerifyPeer = true  - Libcurl will verify peer certificate
LogInit:  - bUseHttpProxy = false  - Libcurl will NOT use HTTP proxy
LogInit:  - bDontReuseConnections = false  - Libcurl will reuse connections
LogInit:  - MaxHostConnections = 16  - Libcurl will limit the number of connections to a host
LogInit:  - LocalHostAddr = Default
LogInit:  - BufferSize = 65536
LogInit: WinSock: version 1.1 (2.2), MaxSocks=32767, MaxUdp=65467
LogInit: Build: ++UE4+Release-4.21-CL-4753647
LogInit: Engine Version: 4.21.2-4753647+++UE4+Release-4.21
LogInit: Compatible Engine Version: 4.21.0-4541578+++UE4+Release-4.21
LogInit: Net CL: 4541578
LogInit: OS: Windows 10 (), CPU: Intel(R) Core(TM) i5-8250U CPU @ 1.60GHz, GPU: Intel(R) UHD Graphics 620
LogInit: Compiled (64-bit): Jan 19 2019 02:07:31
LogInit: Compiled with Visual C++: 19.13.26129.00
LogInit: Build Configuration: Development
LogInit: Branch Name: ++UE4+Release-4.21
LogInit: Command Line: 
LogInit: Base Directory: C:/Program Files/Epic Games/UE_4.21/Engine/Binaries/Win64/
LogInit: Installed Engine Build: 1
LogDevObjectVersion: Number of dev versions registered: 22
LogDevObjectVersion:   Dev-Blueprints (B0D832E4-1F89-4F0D-ACCF-7EB736FD4AA2): 10
LogDevObjectVersion:   Dev-Build (E1C64328-A22C-4D53-A36C-8E866417BD8C): 0
LogDevObjectVersion:   Dev-Core (375EC13C-06E4-48FB-B500-84F0262A717E): 2
LogDevObjectVersion:   Dev-Editor (E4B068ED-F494-42E9-A231-DA0B2E46BB41): 26
LogDevObjectVersion:   Dev-Framework (CFFC743F-43B0-4480-9391-14DF171D2073): 34
LogDevObjectVersion:   Dev-Mobile (B02B49B5-BB20-44E9-A304-32B752E40360): 2
LogDevObjectVersion:   Dev-Networking (A4E4105C-59A1-49B5-A7C5-40C4547EDFEE): 0
LogDevObjectVersion:   Dev-Online (39C831C9-5AE6-47DC-9A44-9C173E1C8E7C): 0
LogDevObjectVersion:   Dev-Physics (78F01B33-EBEA-4F98-B9B4-84EACCB95AA2): 0
LogDevObjectVersion:   Dev-Platform (6631380F-2D4D-43E0-8009-CF276956A95A): 0
LogDevObjectVersion:   Dev-Rendering (12F88B9F-8875-4AFC-A67C-D90C383ABD29): 27
LogDevObjectVersion:   Dev-Sequencer (7B5AE74C-D270-4C10-A958-57980B212A5A): 9
LogDevObjectVersion:   Dev-VR (D7296918-1DD6-4BDD-9DE2-64A83CC13884): 2
LogDevObjectVersion:   Dev-LoadTimes (C2A15278-BFE7-4AFE-6C17-90FF531DF755): 1
LogDevObjectVersion:   Private-Geometry (6EACA3D4-40EC-4CC1-B786-8BED09428FC5): 3
LogDevObjectVersion:   Dev-AnimPhys (29E575DD-E0A3-4627-9D10-D276232CDCEA): 17
LogDevObjectVersion:   Dev-Anim (AF43A65D-7FD3-4947-9873-3E8ED9C1BB05): 2
LogDevObjectVersion:   Dev-ReflectionCapture (6B266CEC-1EC7-4B8F-A30B-E4D90942FC07): 1
LogDevObjectVersion:   Dev-Automation (0DF73D61-A23F-47EA-B727-89E90C41499A): 1
LogDevObjectVersion:   FortniteMain (601D1886-AC64-4F84-AA16-D3DE0DEAC7D6): 17
LogDevObjectVersion:   Dev-Enterprise (9DFFBCD6-494F-0158-E221-12823C92A888): 4
LogDevObjectVersion:   Dev-Niagara (F2AED0AC-9AFE-416F-8664-AA7FFA26D6FC): 1
LogStreaming: Display: Took  0.003s to delete old logs.
LogInit: Presizing for max 8388607 objects, including 0 objects not considered by GC, pre-allocating 0 bytes for permanent pool.
LogInit: Object subsystem initialized
LogConfig: Setting CVar [[con.DebugEarlyDefault:1]]
LogConfig: Setting CVar [[r.setres:1280x720]]
[2020.10.29-17.25.20:385][  0]LogConfig: Setting CVar [[r.VSync:0]]
[2020.10.29-17.25.20:385][  0]LogConfig: Setting CVar [[r.RHICmdBypass:0]]
[2020.10.29-17.25.20:385][  0]LogConfig: Applying CVar settings from Section [/Script/Engine.RendererSettings] File [D:/Unreal-Engine/Project01/Saved/Config/Windows/Engine.ini]
[2020.10.29-17.25.20:385][  0]LogConfig: Setting CVar [[r.GPUCrashDebugging:0]]
[2020.10.29-17.25.20:385][  0]LogConfig: Applying CVar settings from Section [/Script/Engine.RendererOverrideSettings] File [D:/Unreal-Engine/Project01/Saved/Config/Windows/Engine.ini]
[2020.10.29-17.25.20:385][  0]LogConfig: Applying CVar settings from Section [/Script/Engine.StreamingSettings] File [D:/Unreal-Engine/Project01/Saved/Config/Windows/Engine.ini]
[2020.10.29-17.25.20:385][  0]LogConfig: Setting CVar [[s.MinBulkDataSizeForAsyncLoading:131072]]
[2020.10.29-17.25.20:386][  0]LogConfig: Setting CVar [[s.AsyncLoadingThreadEnabled:0]]
[2020.10.29-17.25.20:386][  0]LogConfig: Setting CVar [[s.EventDrivenLoaderEnabled:1]]
[2020.10.29-17.25.20:386][  0]LogConfig: Setting CVar [[s.WarnIfTimeLimitExceeded:0]]
[2020.10.29-17.25.20:386][  0]LogConfig: Setting CVar [[s.TimeLimitExceededMultiplier:1.5]]
[2020.10.29-17.25.20:386][  0]LogConfig: Setting CVar [[s.TimeLimitExceededMinTime:0.005]]
[2020.10.29-17.25.20:386][  0]LogConfig: Setting CVar [[s.UseBackgroundLevelStreaming:1]]
[2020.10.29-17.25.20:386][  0]LogConfig: Setting CVar [[s.PriorityAsyncLoadingExtraTime:15.0]]
[2020.10.29-17.25.20:386][  0]LogConfig: Setting CVar [[s.LevelStreamingActorsUpdateTimeLimit:5.0]]
[2020.10.29-17.25.20:386][  0]LogConfig: Setting CVar [[s.PriorityLevelStreamingActorsUpdateExtraTime:5.0]]
[2020.10.29-17.25.20:386][  0]LogConfig: Setting CVar [[s.LevelStreamingComponentsRegistrationGranularity:10]]
[2020.10.29-17.25.20:386][  0]LogConfig: Setting CVar [[s.UnregisterComponentsTimeLimit:1.0]]
[2020.10.29-17.25.20:386][  0]LogConfig: Setting CVar [[s.LevelStreamingComponentsUnregistrationGranularity:5]]
[2020.10.29-17.25.20:386][  0]LogConfig: Applying CVar settings from Section [/Script/Engine.GarbageCollectionSettings] File [D:/Unreal-Engine/Project01/Saved/Config/Windows/Engine.ini]
[2020.10.29-17.25.20:386][  0]LogConfig: Setting CVar [[gc.MaxObjectsNotConsideredByGC:1]]
[2020.10.29-17.25.20:386][  0]LogConfig: Setting CVar [[gc.SizeOfPermanentObjectPool:0]]
[2020.10.29-17.25.20:386][  0]LogConfig: Setting CVar [[gc.FlushStreamingOnGC:0]]
[2020.10.29-17.25.20:386][  0]LogConfig: Setting CVar [[gc.NumRetriesBeforeForcingGC:10]]
[2020.10.29-17.25.20:386][  0]LogConfig: Setting CVar [[gc.AllowParallelGC:1]]
[2020.10.29-17.25.20:386][  0]LogConfig: Setting CVar [[gc.TimeBetweenPurgingPendingKillObjects:61.1]]
[2020.10.29-17.25.20:386][  0]LogConfig: Setting CVar [[gc.MaxObjectsInEditor:8388607]]
[2020.10.29-17.25.20:387][  0]LogConfig: Setting CVar [[gc.IncrementalBeginDestroyEnabled:1]]
[2020.10.29-17.25.20:387][  0]LogConfig: Setting CVar [[gc.CreateGCClusters:1]]
[2020.10.29-17.25.20:387][  0]LogConfig: Setting CVar [[gc.MergeGCClusters:0]]
[2020.10.29-17.25.20:387][  0]LogConfig: Setting CVar [[gc.MinGCClusterSize:5]]
[2020.10.29-17.25.20:387][  0]LogConfig: Setting CVar [[gc.ActorClusteringEnabled:0]]
[2020.10.29-17.25.20:387][  0]LogConfig: Setting CVar [[gc.BlueprintClusteringEnabled:0]]
[2020.10.29-17.25.20:387][  0]LogConfig: Setting CVar [[gc.UseDisregardForGCOnDedicatedServers:0]]
[2020.10.29-17.25.20:387][  0]LogConfig: Applying CVar settings from Section [/Script/Engine.NetworkSettings] File [D:/Unreal-Engine/Project01/Saved/Config/Windows/Engine.ini]
[2020.10.29-17.25.20:387][  0]LogConfig: Applying CVar settings from Section [/Script/UnrealEd.CookerSettings] File [D:/Unreal-Engine/Project01/Saved/Config/Windows/Engine.ini]
[2020.10.29-17.25.20:395][  0]LogConfig: Applying CVar settings from Section [ViewDistanceQuality@3] File [D:/Unreal-Engine/Project01/Saved/Config/Windows/Scalability.ini]
[2020.10.29-17.25.20:395][  0]LogConfig: Setting CVar [[r.SkeletalMeshLODBias:0]]
[2020.10.29-17.25.20:395][  0]LogConfig: Setting CVar [[r.ViewDistanceScale:1.0]]
[2020.10.29-17.25.20:395][  0]LogConfig: Applying CVar settings from Section [AntiAliasingQuality@3] File [D:/Unreal-Engine/Project01/Saved/Config/Windows/Scalability.ini]
[2020.10.29-17.25.20:395][  0]LogConfig: Setting CVar [[r.PostProcessAAQuality:4]]
[2020.10.29-17.25.20:395][  0]LogConfig: Applying CVar settings from Section [ShadowQuality@3] File [D:/Unreal-Engine/Project01/Saved/Config/Windows/Scalability.ini]
[2020.10.29-17.25.20:395][  0]LogConfig: Setting CVar [[r.LightFunctionQuality:1]]
[2020.10.29-17.25.20:396][  0]LogConfig: Setting CVar [[r.ShadowQuality:5]]
[2020.10.29-17.25.20:396][  0]LogConfig: Setting CVar [[r.Shadow.CSM.MaxCascades:10]]
[2020.10.29-17.25.20:396][  0]LogConfig: Setting CVar [[r.Shadow.MaxResolution:2048]]
[2020.10.29-17.25.20:396][  0]LogConfig: Setting CVar [[r.Shadow.MaxCSMResolution:2048]]
[2020.10.29-17.25.20:396][  0]LogConfig: Setting CVar [[r.Shadow.RadiusThreshold:0.01]]
[2020.10.29-17.25.20:396][  0]LogConfig: Setting CVar [[r.Shadow.DistanceScale:1.0]]
[2020.10.29-17.25.20:396][  0]LogConfig: Setting CVar [[r.Shadow.CSM.TransitionScale:1.0]]
[2020.10.29-17.25.20:396][  0]LogConfig: Setting CVar [[r.Shadow.PreShadowResolutionFactor:1.0]]
[2020.10.29-17.25.20:396][  0]LogConfig: Setting CVar [[r.DistanceFieldShadowing:1]]
[2020.10.29-17.25.20:396][  0]LogConfig: Setting CVar [[r.DistanceFieldAO:1]]
[2020.10.29-17.25.20:396][  0]LogConfig: Setting CVar [[r.AOQuality:2]]
[2020.10.29-17.25.20:396][  0]LogConfig: Setting CVar [[r.VolumetricFog:1]]
[2020.10.29-17.25.20:396][  0]LogConfig: Setting CVar [[r.VolumetricFog.GridPixelSize:8]]
[2020.10.29-17.25.20:396][  0]LogConfig: Setting CVar [[r.VolumetricFog.GridSizeZ:128]]
[2020.10.29-17.25.20:396][  0]LogConfig: Setting CVar [[r.VolumetricFog.HistoryMissSupersampleCount:4]]
[2020.10.29-17.25.20:396][  0]LogConfig: Setting CVar [[r.LightMaxDrawDistanceScale:1]]
[2020.10.29-17.25.20:396][  0]LogConfig: Setting CVar [[r.CapsuleShadows:1]]
[2020.10.29-17.25.20:396][  0]LogConfig: Applying CVar settings from Section [PostProcessQuality@3] File [D:/Unreal-Engine/Project01/Saved/Config/Windows/Scalability.ini]
[2020.10.29-17.25.20:396][  0]LogConfig: Setting CVar [[r.MotionBlurQuality:4]]
[2020.10.29-17.25.20:396][  0]LogConfig: Setting CVar [[r.AmbientOcclusionMipLevelFactor:0.4]]
[2020.10.29-17.25.20:396][  0]LogConfig: Setting CVar [[r.AmbientOcclusionMaxQuality:100]]
[2020.10.29-17.25.20:396][  0]LogConfig: Setting CVar [[r.AmbientOcclusionLevels:-1]]
[2020.10.29-17.25.20:396][  0]LogConfig: Setting CVar [[r.AmbientOcclusionRadiusScale:1.0]]
[2020.10.29-17.25.20:396][  0]LogConfig: Setting CVar [[r.DepthOfFieldQuality:2]]
[2020.10.29-17.25.20:396][  0]LogConfig: Setting CVar [[r.RenderTargetPoolMin:400]]
[2020.10.29-17.25.20:396][  0]LogConfig: Setting CVar [[r.LensFlareQuality:2]]
[2020.10.29-17.25.20:396][  0]LogConfig: Setting CVar [[r.SceneColorFringeQuality:1]]
[2020.10.29-17.25.20:396][  0]LogConfig: Setting CVar [[r.EyeAdaptationQuality:2]]
[2020.10.29-17.25.20:396][  0]LogConfig: Setting CVar [[r.BloomQuality:5]]
[2020.10.29-17.25.20:396][  0]LogConfig: Setting CVar [[r.FastBlurThreshold:100]]
[2020.10.29-17.25.20:396][  0]LogConfig: Setting CVar [[r.Upscale.Quality:3]]
[2020.10.29-17.25.20:396][  0]LogConfig: Setting CVar [[r.Tonemapper.GrainQuantization:1]]
[2020.10.29-17.25.20:396][  0]LogConfig: Setting CVar [[r.LightShaftQuality:1]]
[2020.10.29-17.25.20:396][  0]LogConfig: Setting CVar [[r.Filter.SizeScale:1]]
[2020.10.29-17.25.20:396][  0]LogConfig: Setting CVar [[r.Tonemapper.Quality:5]]
[2020.10.29-17.25.20:396][  0]LogConfig: Setting CVar [[r.DOF.Gather.AccumulatorQuality:1        ; higher gathering accumulator quality]]
[2020.10.29-17.25.20:396][  0]LogConfig: Setting CVar [[r.DOF.Gather.PostfilterMethod:1          ; Median3x3 postfilering method]]
[2020.10.29-17.25.20:396][  0]LogConfig: Setting CVar [[r.DOF.Gather.EnableBokehSettings:0       ; no bokeh simulation when gathering]]
[2020.10.29-17.25.20:396][  0]LogConfig: Setting CVar [[r.DOF.Gather.RingCount:4                 ; medium number of samples when gathering]]
[2020.10.29-17.25.20:396][  0]LogConfig: Setting CVar [[r.DOF.Scatter.ForegroundCompositing:1    ; additive foreground scattering]]
[2020.10.29-17.25.20:396][  0]LogConfig: Setting CVar [[r.DOF.Scatter.BackgroundCompositing:2    ; additive background scattering]]
[2020.10.29-17.25.20:396][  0]LogConfig: Setting CVar [[r.DOF.Scatter.EnableBokehSettings:1      ; bokeh simulation when scattering]]
[2020.10.29-17.25.20:396][  0]LogConfig: Setting CVar [[r.DOF.Scatter.MaxSpriteRatio:0.1         ; only a maximum of 10% of scattered bokeh]]
[2020.10.29-17.25.20:396][  0]LogConfig: Setting CVar [[r.DOF.Recombine.Quality:1                ; cheap slight out of focus]]
[2020.10.29-17.25.20:396][  0]LogConfig: Setting CVar [[r.DOF.Recombine.EnableBokehSettings:0    ; no bokeh simulation on slight out of focus]]
[2020.10.29-17.25.20:396][  0]LogConfig: Setting CVar [[r.DOF.TemporalAAQuality:1                ; more stable temporal accumulation]]
[2020.10.29-17.25.20:396][  0]LogConfig: Setting CVar [[r.DOF.Kernel.MaxForegroundRadius:0.025]]
[2020.10.29-17.25.20:397][  0]LogConfig: Setting CVar [[r.DOF.Kernel.MaxBackgroundRadius:0.025]]
[2020.10.29-17.25.20:397][  0]LogConfig: Applying CVar settings from Section [TextureQuality@3] File [D:/Unreal-Engine/Project01/Saved/Config/Windows/Scalability.ini]
[2020.10.29-17.25.20:397][  0]LogConfig: Setting CVar [[r.Streaming.MipBias:0]]
[2020.10.29-17.25.20:397][  0]LogConfig: Setting CVar [[r.Streaming.AmortizeCPUToGPUCopy:0]]
[2020.10.29-17.25.20:397][  0]LogConfig: Setting CVar [[r.Streaming.MaxNumTexturesToStreamPerFrame:0]]
[2020.10.29-17.25.20:397][  0]LogConfig: Setting CVar [[r.Streaming.Boost:1]]
[2020.10.29-17.25.20:397][  0]LogConfig: Setting CVar [[r.MaxAnisotropy:8]]
[2020.10.29-17.25.20:397][  0]LogConfig: Setting CVar [[r.Streaming.LimitPoolSizeToVRAM:0]]
[2020.10.29-17.25.20:397][  0]LogConfig: Setting CVar [[r.Streaming.PoolSize:1000]]
[2020.10.29-17.25.20:397][  0]LogConfig: Setting CVar [[r.Streaming.MaxEffectiveScreenSize:0]]
[2020.10.29-17.25.20:397][  0]LogConfig: Applying CVar settings from Section [EffectsQuality@3] File [D:/Unreal-Engine/Project01/Saved/Config/Windows/Scalability.ini]
[2020.10.29-17.25.20:397][  0]LogConfig: Setting CVar [[r.TranslucencyLightingVolumeDim:64]]
[2020.10.29-17.25.20:397][  0]LogConfig: Setting CVar [[r.RefractionQuality:2]]
[2020.10.29-17.25.20:397][  0]LogConfig: Setting CVar [[r.SSR.Quality:3]]
[2020.10.29-17.25.20:397][  0]LogConfig: Setting CVar [[r.SceneColorFormat:4]]
[2020.10.29-17.25.20:397][  0]LogConfig: Setting CVar [[r.DetailMode:2]]
[2020.10.29-17.25.20:397][  0]LogConfig: Setting CVar [[r.TranslucencyVolumeBlur:1]]
[2020.10.29-17.25.20:397][  0]LogConfig: Setting CVar [[r.MaterialQualityLevel:1 ; High quality]]
[2020.10.29-17.25.20:397][  0]LogConfig: Setting CVar [[r.SSS.Scale:1]]
[2020.10.29-17.25.20:397][  0]LogConfig: Setting CVar [[r.SSS.SampleSet:2]]
[2020.10.29-17.25.20:397][  0]LogConfig: Setting CVar [[r.SSS.Quality:1]]
[2020.10.29-17.25.20:397][  0]LogConfig: Setting CVar [[r.SSS.HalfRes:1]]
[2020.10.29-17.25.20:397][  0]LogConfig: Setting CVar [[r.EmitterSpawnRateScale:1.0]]
[2020.10.29-17.25.20:397][  0]LogConfig: Setting CVar [[r.ParticleLightQuality:2]]
[2020.10.29-17.25.20:397][  0]LogConfig: Applying CVar settings from Section [FoliageQuality@3] File [D:/Unreal-Engine/Project01/Saved/Config/Windows/Scalability.ini]
[2020.10.29-17.25.20:397][  0]LogConfig: Setting CVar [[foliage.DensityScale:1.0]]
[2020.10.29-17.25.20:397][  0]LogConfig: Setting CVar [[grass.DensityScale:1.0]]
[2020.10.29-17.25.20:397][  0]LogInit: Selected Device Profile: [Windows]
[2020.10.29-17.25.20:397][  0]LogInit: Applying CVar settings loaded from the selected device profile: [Windows]
[2020.10.29-17.25.20:412][  0]LogHAL: Display: Platform has ~ 8 GB [8415170560 / 8589934592 / 8], which maps to Default [LargestMinGB=32, LargerMinGB=12, DefaultMinGB=8, SmallerMinGB=6, SmallestMinGB=0)
[2020.10.29-17.25.20:412][  0]LogConfig: Setting CVar [[r.Vulkan.UseRealUBs:1]]
[2020.10.29-17.25.20:412][  0]LogInit: Going up to parent DeviceProfile []
[2020.10.29-17.25.20:412][  0]LogConfig: Applying CVar settings from Section [ViewDistanceQuality@3] File [D:/Unreal-Engine/Project01/Saved/Config/Windows/Scalability.ini]
[2020.10.29-17.25.20:412][  0]LogConfig: Setting CVar [[r.SkeletalMeshLODBias:0]]
[2020.10.29-17.25.20:412][  0]LogConfig: Setting CVar [[r.ViewDistanceScale:1.0]]
[2020.10.29-17.25.20:412][  0]LogConfig: Applying CVar settings from Section [AntiAliasingQuality@3] File [D:/Unreal-Engine/Project01/Saved/Config/Windows/Scalability.ini]
[2020.10.29-17.25.20:412][  0]LogConfig: Setting CVar [[r.PostProcessAAQuality:4]]
[2020.10.29-17.25.20:412][  0]LogConfig: Applying CVar settings from Section [ShadowQuality@3] File [D:/Unreal-Engine/Project01/Saved/Config/Windows/Scalability.ini]
[2020.10.29-17.25.20:412][  0]LogConfig: Setting CVar [[r.LightFunctionQuality:1]]
[2020.10.29-17.25.20:412][  0]LogConfig: Setting CVar [[r.ShadowQuality:5]]
[2020.10.29-17.25.20:412][  0]LogConfig: Setting CVar [[r.Shadow.CSM.MaxCascades:10]]
[2020.10.29-17.25.20:412][  0]LogConfig: Setting CVar [[r.Shadow.MaxResolution:2048]]
[2020.10.29-17.25.20:412][  0]LogConfig: Setting CVar [[r.Shadow.MaxCSMResolution:2048]]
[2020.10.29-17.25.20:412][  0]LogConfig: Setting CVar [[r.Shadow.RadiusThreshold:0.01]]
[2020.10.29-17.25.20:412][  0]LogConfig: Setting CVar [[r.Shadow.DistanceScale:1.0]]
[2020.10.29-17.25.20:412][  0]LogConfig: Setting CVar [[r.Shadow.CSM.TransitionScale:1.0]]
[2020.10.29-17.25.20:412][  0]LogConfig: Setting CVar [[r.Shadow.PreShadowResolutionFactor:1.0]]
[2020.10.29-17.25.20:412][  0]LogConfig: Setting CVar [[r.DistanceFieldShadowing:1]]
[2020.10.29-17.25.20:412][  0]LogConfig: Setting CVar [[r.DistanceFieldAO:1]]
[2020.10.29-17.25.20:412][  0]LogConfig: Setting CVar [[r.AOQuality:2]]
[2020.10.29-17.25.20:412][  0]LogConfig: Setting CVar [[r.VolumetricFog:1]]
[2020.10.29-17.25.20:412][  0]LogConfig: Setting CVar [[r.VolumetricFog.GridPixelSize:8]]
[2020.10.29-17.25.20:412][  0]LogConfig: Setting CVar [[r.VolumetricFog.GridSizeZ:128]]
[2020.10.29-17.25.20:412][  0]LogConfig: Setting CVar [[r.VolumetricFog.HistoryMissSupersampleCount:4]]
[2020.10.29-17.25.20:412][  0]LogConfig: Setting CVar [[r.LightMaxDrawDistanceScale:1]]
[2020.10.29-17.25.20:412][  0]LogConfig: Setting CVar [[r.CapsuleShadows:1]]
[2020.10.29-17.25.20:412][  0]LogConfig: Applying CVar settings from Section [PostProcessQuality@3] File [D:/Unreal-Engine/Project01/Saved/Config/Windows/Scalability.ini]
[2020.10.29-17.25.20:412][  0]LogConfig: Setting CVar [[r.MotionBlurQuality:4]]
[2020.10.29-17.25.20:412][  0]LogConfig: Setting CVar [[r.AmbientOcclusionMipLevelFactor:0.4]]
[2020.10.29-17.25.20:412][  0]LogConfig: Setting CVar [[r.AmbientOcclusionMaxQuality:100]]
[2020.10.29-17.25.20:412][  0]LogConfig: Setting CVar [[r.AmbientOcclusionLevels:-1]]
[2020.10.29-17.25.20:412][  0]LogConfig: Setting CVar [[r.AmbientOcclusionRadiusScale:1.0]]
[2020.10.29-17.25.20:412][  0]LogConfig: Setting CVar [[r.DepthOfFieldQuality:2]]
[2020.10.29-17.25.20:412][  0]LogConfig: Setting CVar [[r.RenderTargetPoolMin:400]]
[2020.10.29-17.25.20:412][  0]LogConfig: Setting CVar [[r.LensFlareQuality:2]]
[2020.10.29-17.25.20:412][  0]LogConfig: Setting CVar [[r.SceneColorFringeQuality:1]]
[2020.10.29-17.25.20:412][  0]LogConfig: Setting CVar [[r.EyeAdaptationQuality:2]]
[2020.10.29-17.25.20:412][  0]LogConfig: Setting CVar [[r.BloomQuality:5]]
[2020.10.29-17.25.20:412][  0]LogConfig: Setting CVar [[r.FastBlurThreshold:100]]
[2020.10.29-17.25.20:412][  0]LogConfig: Setting CVar [[r.Upscale.Quality:3]]
[2020.10.29-17.25.20:413][  0]LogConfig: Setting CVar [[r.Tonemapper.GrainQuantization:1]]
[2020.10.29-17.25.20:413][  0]LogConfig: Setting CVar [[r.LightShaftQuality:1]]
[2020.10.29-17.25.20:413][  0]LogConfig: Setting CVar [[r.Filter.SizeScale:1]]
[2020.10.29-17.25.20:413][  0]LogConfig: Setting CVar [[r.Tonemapper.Quality:5]]
[2020.10.29-17.25.20:413][  0]LogConfig: Setting CVar [[r.DOF.Gather.AccumulatorQuality:1        ; higher gathering accumulator quality]]
[2020.10.29-17.25.20:413][  0]LogConfig: Setting CVar [[r.DOF.Gather.PostfilterMethod:1          ; Median3x3 postfilering method]]
[2020.10.29-17.25.20:413][  0]LogConfig: Setting CVar [[r.DOF.Gather.EnableBokehSettings:0       ; no bokeh simulation when gathering]]
[2020.10.29-17.25.20:413][  0]LogConfig: Setting CVar [[r.DOF.Gather.RingCount:4                 ; medium number of samples when gathering]]
[2020.10.29-17.25.20:413][  0]LogConfig: Setting CVar [[r.DOF.Scatter.ForegroundCompositing:1    ; additive foreground scattering]]
[2020.10.29-17.25.20:413][  0]LogConfig: Setting CVar [[r.DOF.Scatter.BackgroundCompositing:2    ; additive background scattering]]
[2020.10.29-17.25.20:413][  0]LogConfig: Setting CVar [[r.DOF.Scatter.EnableBokehSettings:1      ; bokeh simulation when scattering]]
[2020.10.29-17.25.20:413][  0]LogConfig: Setting CVar [[r.DOF.Scatter.MaxSpriteRatio:0.1         ; only a maximum of 10% of scattered bokeh]]
[2020.10.29-17.25.20:413][  0]LogConfig: Setting CVar [[r.DOF.Recombine.Quality:1                ; cheap slight out of focus]]
[2020.10.29-17.25.20:413][  0]LogConfig: Setting CVar [[r.DOF.Recombine.EnableBokehSettings:0    ; no bokeh simulation on slight out of focus]]
[2020.10.29-17.25.20:413][  0]LogConfig: Setting CVar [[r.DOF.TemporalAAQuality:1                ; more stable temporal accumulation]]
[2020.10.29-17.25.20:413][  0]LogConfig: Setting CVar [[r.DOF.Kernel.MaxForegroundRadius:0.025]]
[2020.10.29-17.25.20:413][  0]LogConfig: Setting CVar [[r.DOF.Kernel.MaxBackgroundRadius:0.025]]
[2020.10.29-17.25.20:413][  0]LogConfig: Applying CVar settings from Section [TextureQuality@3] File [D:/Unreal-Engine/Project01/Saved/Config/Windows/Scalability.ini]
[2020.10.29-17.25.20:413][  0]LogConfig: Setting CVar [[r.Streaming.MipBias:0]]
[2020.10.29-17.25.20:413][  0]LogConfig: Setting CVar [[r.Streaming.AmortizeCPUToGPUCopy:0]]
[2020.10.29-17.25.20:413][  0]LogConfig: Setting CVar [[r.Streaming.MaxNumTexturesToStreamPerFrame:0]]
[2020.10.29-17.25.20:413][  0]LogConfig: Setting CVar [[r.Streaming.Boost:1]]
[2020.10.29-17.25.20:413][  0]LogConfig: Setting CVar [[r.MaxAnisotropy:8]]
[2020.10.29-17.25.20:413][  0]LogConfig: Setting CVar [[r.Streaming.LimitPoolSizeToVRAM:0]]
[2020.10.29-17.25.20:413][  0]LogConfig: Setting CVar [[r.Streaming.PoolSize:1000]]
[2020.10.29-17.25.20:413][  0]LogConfig: Setting CVar [[r.Streaming.MaxEffectiveScreenSize:0]]
[2020.10.29-17.25.20:413][  0]LogConfig: Applying CVar settings from Section [EffectsQuality@3] File [D:/Unreal-Engine/Project01/Saved/Config/Windows/Scalability.ini]
[2020.10.29-17.25.20:413][  0]LogConfig: Setting CVar [[r.TranslucencyLightingVolumeDim:64]]
[2020.10.29-17.25.20:413][  0]LogConfig: Setting CVar [[r.RefractionQuality:2]]
[2020.10.29-17.25.20:413][  0]LogConfig: Setting CVar [[r.SSR.Quality:3]]
[2020.10.29-17.25.20:413][  0]LogConfig: Setting CVar [[r.SceneColorFormat:4]]
[2020.10.29-17.25.20:413][  0]LogConfig: Setting CVar [[r.DetailMode:2]]
[2020.10.29-17.25.20:414][  0]LogConfig: Setting CVar [[r.TranslucencyVolumeBlur:1]]
[2020.10.29-17.25.20:414][  0]LogConfig: Setting CVar [[r.MaterialQualityLevel:1 ; High quality]]
[2020.10.29-17.25.20:414][  0]LogConfig: Setting CVar [[r.SSS.Scale:1]]
[2020.10.29-17.25.20:414][  0]LogConfig: Setting CVar [[r.SSS.SampleSet:2]]
[2020.10.29-17.25.20:414][  0]LogConfig: Setting CVar [[r.SSS.Quality:1]]
[2020.10.29-17.25.20:414][  0]LogConfig: Setting CVar [[r.SSS.HalfRes:1]]
[2020.10.29-17.25.20:414][  0]LogConfig: Setting CVar [[r.EmitterSpawnRateScale:1.0]]
[2020.10.29-17.25.20:414][  0]LogConfig: Setting CVar [[r.ParticleLightQuality:2]]
[2020.10.29-17.25.20:414][  0]LogConfig: Applying CVar settings from Section [FoliageQuality@3] File [D:/Unreal-Engine/Project01/Saved/Config/Windows/Scalability.ini]
[2020.10.29-17.25.20:414][  0]LogConfig: Setting CVar [[foliage.DensityScale:1.0]]
[2020.10.29-17.25.20:414][  0]LogConfig: Setting CVar [[grass.DensityScale:1.0]]
[2020.10.29-17.25.20:414][  0]LogConfig: Applying CVar settings from Section [Startup] File [../../../Engine/Config/ConsoleVariables.ini]
[2020.10.29-17.25.20:415][  0]LogConfig: Setting CVar [[net.UseAdaptiveNetUpdateFrequency:0]]
[2020.10.29-17.25.20:415][  0]LogConfig: Applying CVar settings from Section [ConsoleVariables] File [D:/Unreal-Engine/Project01/Saved/Config/Windows/Engine.ini]
[2020.10.29-17.25.20:416][  0]LogInit: Computer: DESKTOP-Q8B2OAP
[2020.10.29-17.25.20:416][  0]LogInit: User: HyunjuLee
[2020.10.29-17.25.20:416][  0]LogInit: CPU Page size=4096, Cores=4
[2020.10.29-17.25.20:416][  0]LogInit: High frequency timer resolution =10.000000 MHz
[2020.10.29-17.25.20:416][  0]LogMemory: Memory total: Physical=7.8GB (8GB approx)
[2020.10.29-17.25.20:416][  0]LogMemory: Platform Memory Stats for Windows
[2020.10.29-17.25.20:416][  0]LogMemory: Process Physical Memory: 106.93 MB used, 106.93 MB peak
[2020.10.29-17.25.20:416][  0]LogMemory: Process Virtual Memory: 92.61 MB used, 92.61 MB peak
[2020.10.29-17.25.20:416][  0]LogMemory: Physical Memory: 6588.41 MB used,  1436.93 MB free, 8025.33 MB total
[2020.10.29-17.25.20:416][  0]LogMemory: Virtual Memory: 4639.03 MB used,  134213088.00 MB free, 134217728.00 MB total
[2020.10.29-17.25.20:670][  0]LogInit: Using OS detected language (ko-KR).
[2020.10.29-17.25.20:670][  0]LogInit: Using OS detected locale (ko-KR).
[2020.10.29-17.25.20:675][  0]LogTextLocalizationManager: No specific localization for 'ko-KR' exists, so the 'ko' localization will be used.
[2020.10.29-17.25.21:340][  0]LogStreaming: Display: Took  0.670s to InitEngineTextLocalization.
[2020.10.29-17.25.21:344][  0]LogInit: Setting process to per monitor DPI aware
[2020.10.29-17.25.21:498][  0]LogSlate: New Slate User Created.  User Index 0, Is Virtual User: 0
[2020.10.29-17.25.21:498][  0]LogSlate: Slate User Registered.  User Index 0, Is Virtual User: 0
[2020.10.29-17.25.23:803][  0]LogHMD: Failed to initialize OpenVR with code 110
[2020.10.29-17.25.23:803][  0]LogD3D11RHI: D3D11 adapters:
[2020.10.29-17.25.25:243][  0]LogD3D11RHI:    0. 'Intel(R) UHD Graphics 620' (Feature Level 11_0)
[2020.10.29-17.25.25:243][  0]LogD3D11RHI:       128/0/4012 MB DedicatedVideo/DedicatedSystem/SharedSystem, Outputs:1, VendorId:0x8086
[2020.10.29-17.25.25:363][  0]LogD3D11RHI:    1. 'Microsoft Basic Render Driver' (Feature Level 11_0)
[2020.10.29-17.25.25:363][  0]LogD3D11RHI:       0/0/4012 MB DedicatedVideo/DedicatedSystem/SharedSystem, Outputs:0, VendorId:0x1414
[2020.10.29-17.25.25:363][  0]LogD3D11RHI: Chosen D3D11 Adapter: 0
[2020.10.29-17.25.25:376][  0]LogD3D11RHI: Creating new Direct3DDevice
[2020.10.29-17.25.25:376][  0]LogD3D11RHI:     GPU DeviceId: 0x5917 (for the marketing name, search the web for "GPU Device Id")
[2020.10.29-17.25.25:376][  0]LogWindows: EnumDisplayDevices:
[2020.10.29-17.25.25:376][  0]LogWindows:    0. 'Intel(R) UHD Graphics 620' (P:1 D:1)
[2020.10.29-17.25.25:378][  0]LogWindows:    1. 'Intel(R) UHD Graphics 620' (P:0 D:0)
[2020.10.29-17.25.25:381][  0]LogWindows:    2. 'Intel(R) UHD Graphics 620' (P:0 D:0)
[2020.10.29-17.25.25:382][  0]LogWindows: DebugString: FoundDriverCount:3 
[2020.10.29-17.25.25:382][  0]LogD3D11RHI:     Adapter Name: Intel(R) UHD Graphics 620
[2020.10.29-17.25.25:382][  0]LogD3D11RHI:   Driver Version: 23.20.16.4849 (internal:23.20.16.4849, unified:23.20.16.4849)
[2020.10.29-17.25.25:382][  0]LogD3D11RHI:      Driver Date: 10-27-2017
[2020.10.29-17.25.25:383][  0]LogRHI: Texture pool is 1494 MB (70% of 2134 MB)
[2020.10.29-17.25.25:611][  0]LogD3D11RHI: [IntelMetricsDiscovery] Started
[2020.10.29-17.25.25:611][  0]LogD3D11RHI: Async texture creation enabled
[2020.10.29-17.25.25:659][  0]LogD3D11RHI: GPU Timing Frequency: 12.000048 (Debug: 2 0)
[2020.10.29-17.25.26:750][  0]LogTemp: Display: Loaded TP AllDesktopTargetPlatform
[2020.10.29-17.25.26:776][  0]LogTemp: Display: Loaded TP MacClientTargetPlatform
[2020.10.29-17.25.26:806][  0]LogTemp: Display: Loaded TP MacNoEditorTargetPlatform
[2020.10.29-17.25.26:831][  0]LogTemp: Display: Loaded TP MacServerTargetPlatform
[2020.10.29-17.25.26:861][  0]LogTemp: Display: Loaded TP MacTargetPlatform
[2020.10.29-17.25.26:890][  0]LogTemp: Display: Loaded TP WindowsClientTargetPlatform
[2020.10.29-17.25.26:925][  0]LogTemp: Display: Loaded TP WindowsNoEditorTargetPlatform
[2020.10.29-17.25.26:949][  0]LogTemp: Display: Loaded TP WindowsServerTargetPlatform
[2020.10.29-17.25.26:963][  0]LogTemp: Display: Loaded TP WindowsTargetPlatform
[2020.10.29-17.25.27:094][  0]LogTemp: Display: Loaded TP AndroidTargetPlatform
[2020.10.29-17.25.27:094][  0]LogTemp: Display: Loaded TP AndroidTargetPlatform
[2020.10.29-17.25.27:094][  0]LogTemp: Display: Loaded TP AndroidTargetPlatform
[2020.10.29-17.25.27:094][  0]LogTemp: Display: Loaded TP AndroidTargetPlatform
[2020.10.29-17.25.27:094][  0]LogTemp: Display: Loaded TP AndroidTargetPlatform
[2020.10.29-17.25.27:094][  0]LogTemp: Display: Loaded TP AndroidTargetPlatform
[2020.10.29-17.25.27:094][  0]LogTemp: Display: Loaded TP AndroidTargetPlatform
[2020.10.29-17.25.27:094][  0]LogTemp: Display: Loaded TP AndroidTargetPlatform
[2020.10.29-17.25.27:094][  0]LogTemp: Display: Loaded TP AndroidTargetPlatform
[2020.10.29-17.25.27:094][  0]LogTemp: Display: Loaded TP AndroidTargetPlatform
[2020.10.29-17.25.27:094][  0]LogTemp: Display: Loaded TP AndroidTargetPlatform
[2020.10.29-17.25.27:094][  0]LogTemp: Display: Loaded TP AndroidTargetPlatform
[2020.10.29-17.25.27:094][  0]LogTemp: Display: Loaded TP AndroidTargetPlatform
[2020.10.29-17.25.27:094][  0]LogTemp: Display: Loaded TP AndroidTargetPlatform
[2020.10.29-17.25.27:094][  0]LogTemp: Display: Loaded TP AndroidTargetPlatform
[2020.10.29-17.25.27:094][  0]LogTemp: Display: Loaded TP AndroidTargetPlatform
[2020.10.29-17.25.27:094][  0]LogTemp: Display: Loaded TP AndroidTargetPlatform
[2020.10.29-17.25.27:094][  0]LogTemp: Display: Loaded TP AndroidTargetPlatform
[2020.10.29-17.25.27:103][  0]LogTemp: Display: Loaded TP HTML5TargetPlatform
[2020.10.29-17.25.27:197][  0]LogTemp: Display: Loaded TP IOSTargetPlatform
[2020.10.29-17.25.27:197][  0]LogTemp: Display: Loaded TP IOSTargetPlatform
[2020.10.29-17.25.27:235][  0]LogTemp: Display: Loaded TP TVOSTargetPlatform
[2020.10.29-17.25.27:235][  0]LogTemp: Display: Loaded TP TVOSTargetPlatform
[2020.10.29-17.25.27:261][  0]LogTemp: Display: Loaded TP LinuxClientTargetPlatform
[2020.10.29-17.25.27:283][  0]LogTemp: Display: Loaded TP LinuxNoEditorTargetPlatform
[2020.10.29-17.25.27:307][  0]LogTemp: Display: Loaded TP LinuxServerTargetPlatform
[2020.10.29-17.25.27:334][  0]LogTemp: Display: Loaded TP LinuxTargetPlatform
[2020.10.29-17.25.27:415][  0]LogTemp: Display: Loaded TP LuminTargetPlatform
[2020.10.29-17.25.27:415][  0]LogTemp: Display: Loaded TP LuminTargetPlatform
[2020.10.29-17.25.27:416][  0]LogTargetPlatformManager: Display: Building Assets For Windows
[2020.10.29-17.25.27:773][  0]LogShaderCompilers: Guid format shader working directory is 23 characters bigger than the processId version (D:/Unreal-Engine/Project01/Intermediate/Shaders/WorkingDirectory/17416/).
[2020.10.29-17.25.27:773][  0]LogShaderCompilers: Cleaned the shader compiler working directory 'C:/Users/HyunjuLee/AppData/Local/Temp/UnrealShaderWorkingDir/54AFF74A49395E2F6706B490174DED0E/'.
[2020.10.29-17.25.27:777][  0]LogXGEController: Cleaning working directory: C:/Users/HyunjuLee/AppData/Local/Temp/UnrealXGEWorkingDir/
[2020.10.29-17.25.27:778][  0]LogXGEController: Cannot use XGE Controller as Incredibuild is not installed on this machine.
[2020.10.29-17.25.27:778][  0]LogShaderCompilers: Cannot use XGE Shader Compiler as Incredibuild is not installed on this machine.
[2020.10.29-17.25.27:778][  0]LogShaderCompilers: Display: Using Local Shader Compiler.
[2020.10.29-17.25.28:949][  0]LogDerivedDataCache: Display: Max Cache Size: 512 MB
[2020.10.29-17.25.29:241][  0]LogDerivedDataCache: Loaded boot cache 0.29s 86MB C:/Users/HyunjuLee/AppData/Local/UnrealEngine/4.21/DerivedDataCache/Boot.ddc.
[2020.10.29-17.25.29:241][  0]LogDerivedDataCache: Display: Loaded Boot cache: C:/Users/HyunjuLee/AppData/Local/UnrealEngine/4.21/DerivedDataCache/Boot.ddc
[2020.10.29-17.25.29:241][  0]LogDerivedDataCache: FDerivedDataBackendGraph:  Pak pak cache file D:/Unreal-Engine/Project01/DerivedDataCache/DDC.ddp not found, will not use a pak cache.
[2020.10.29-17.25.29:241][  0]LogDerivedDataCache: Unable to find inner node Pak for hierarchical cache Hierarchy.
[2020.10.29-17.25.29:241][  0]LogDerivedDataCache: FDerivedDataBackendGraph:  CompressedPak pak cache file D:/Unreal-Engine/Project01/DerivedDataCache/Compressed.ddp not found, will not use a pak cache.
[2020.10.29-17.25.29:241][  0]LogDerivedDataCache: Unable to find inner node CompressedPak for hierarchical cache Hierarchy.
[2020.10.29-17.25.29:264][  0]LogDerivedDataCache: Display: Pak cache opened for reading ../../../Engine/DerivedDataCache/Compressed.ddp.
[2020.10.29-17.25.29:265][  0]LogDerivedDataCache: FDerivedDataBackendGraph:  EnterprisePak pak cache file ../../../Enterprise/DerivedDataCache/Compressed.ddp not found, will not use a pak cache.
[2020.10.29-17.25.29:265][  0]LogDerivedDataCache: Unable to find inner node EnterprisePak for hierarchical cache Hierarchy.
[2020.10.29-17.25.29:281][  0]LogDerivedDataCache: Using Local data cache path C:/Users/HyunjuLee/AppData/Local/UnrealEngine/Common/DerivedDataCache: Writable
[2020.10.29-17.25.29:281][  0]LogDerivedDataCache: Shared data cache path not found in *engine.ini, will not use an Shared cache.
[2020.10.29-17.25.29:281][  0]LogDerivedDataCache: Unable to find inner node Shared for hierarchical cache Hierarchy.
[2020.10.29-17.25.29:314][  0]LogMaterial: Verifying Global Shaders for PCD3D_SM5
[2020.10.29-17.25.29:323][  0]LogSlate: Using FreeType 2.6.0
[2020.10.29-17.25.29:331][  0]LogSlate: SlateFontServices - WITH_FREETYPE: 1, WITH_HARFBUZZ: 1
[2020.10.29-17.25.29:803][  0]LogAssetRegistry: FAssetRegistry took 0.0440 seconds to start up
[2020.10.29-17.25.30:464][  0]LogInit: Selected Device Profile: [Windows]
[2020.10.29-17.25.31:161][  0]LogSimplygon: Simplygon DLL not present - disabling.
[2020.10.29-17.25.31:265][  0]LogMeshReduction: Using SimplygonSwarm for distributed automatic mesh merging
[2020.10.29-17.25.31:265][  0]LogMeshReduction: Using ProxyLODMeshReduction for automatic mesh merging
[2020.10.29-17.25.31:265][  0]LogMeshReduction: Using QuadricMeshReduction for automatic static mesh reduction
[2020.10.29-17.25.31:265][  0]LogMeshReduction: No automatic skeletal mesh reduction module available
[2020.10.29-17.25.31:309][  0]LogNetVersion: Project01 1.0.0, NetCL: 4541578, EngineNetVer: 5, GameNetVer: 0 (Checksum: 621165349)
[2020.10.29-17.25.32:817][  0]LogPackageLocalizationCache: Processed 11 localized package path(s) for 2 prioritized culture(s) in 0.140203 seconds
[2020.10.29-17.25.32:830][  0]LogUObjectArray: 39775 objects as part of root set at end of initial load.
[2020.10.29-17.25.32:830][  0]LogUObjectAllocator: 6914664 out of 0 bytes used by permanent object pool.
[2020.10.29-17.25.32:830][  0]LogUObjectArray: CloseDisregardForGC: 0/0 objects in disregard for GC pool
[2020.10.29-17.25.37:392][  0]LogTcpMessaging: Initializing TcpMessaging bridge
[2020.10.29-17.25.37:417][  0]LogUdpMessaging: Initializing bridge on interface 0.0.0.0:0 to multicast group 230.0.0.1:6666.
[2020.10.29-17.25.39:349][  0]SourceControl: 소스 컨트롤이 꺼졌습니다.
[2020.10.29-17.25.39:349][  0]SourceControl: 소스 컨트롤이 꺼졌습니다.
[2020.10.29-17.25.39:371][  0]SourceControl: 소스 컨트롤이 꺼졌습니다.
[2020.10.29-17.25.39:380][  0]SourceControl: 소스 컨트롤이 꺼졌습니다.
[2020.10.29-17.25.40:181][  0]LogAndroidPermission: UAndroidPermissionCallbackProxy::GetInstance
[2020.10.29-17.25.40:718][  0]LogOcInput: OculusInput pre-init called
[2020.10.29-17.25.41:064][  0]LogEngine: Initializing Engine...
[2020.10.29-17.25.41:067][  0]LogHMD: Failed to initialize OpenVR with code 110
[2020.10.29-17.25.41:072][  0]LogStats: UGameplayTagsManager::ConstructGameplayTagTree: ImportINI prefixes -  0.000 s
[2020.10.29-17.25.41:072][  0]LogStats: UGameplayTagsManager::ConstructGameplayTagTree: Construct from data asset -  0.000 s
[2020.10.29-17.25.41:072][  0]LogStats: UGameplayTagsManager::ConstructGameplayTagTree: ImportINI -  0.000 s
[2020.10.29-17.25.41:072][  0]LogStats: UGameplayTagsManager::ConstructGameplayTagTree: GameplayTagTreeChangedEvent.Broadcast -  0.000 s
[2020.10.29-17.25.41:658][  0]LogInit: Initializing FReadOnlyCVARCache
[2020.10.29-17.25.41:799][  0]LogAIModule: Creating AISystem for world Untitled
[2020.10.29-17.25.42:061][  0]LogInit: XAudio2 using 'Speakers(Conexant HD Audio)' : 2 channels at 48 kHz using 32 bits per sample (channel mask 0x3)
[2020.10.29-17.25.42:289][  0]LogInit: FAudioDevice initialized.
[2020.10.29-17.25.42:292][  0]LogNetVersion: Set ProjectVersion to 1.0.0.0. Version Checksum will be recalculated on next use.
[2020.10.29-17.25.42:422][  0]LogDerivedDataCache: Saved boot cache 0.13s 71MB C:/Users/HyunjuLee/AppData/Local/UnrealEngine/4.21/DerivedDataCache/Boot.ddc.
[2020.10.29-17.25.42:426][  0]LogInit: Texture streaming: Enabled
[2020.10.29-17.25.42:567][  0]LogEngineSessionManager: EngineSessionManager initialized
[2020.10.29-17.25.42:567][  0]LogEngineSessionManager: EngineSessionManager sent abnormal shutdown report. Type=AbnormalShutdown, SessionId={7FA37875-4AC5-A0EC-7703-68AC4D1FF8D4}
[2020.10.29-17.25.42:627][  0]LogInit: Transaction tracking system initialized
[2020.10.29-17.25.42:781][  0]BlueprintLog: New page: 에디터 로드
[2020.10.29-17.25.43:345][  0]LocalizationService: 현지화 서비스가 비활성화되었습니다.
[2020.10.29-17.25.44:766][  0]LogFileCache: Scanning file cache for directory 'D:/Unreal-Engine/Project01/Content/' took 0.03s
[2020.10.29-17.25.44:766][  0]LogCook: Display: Max memory allowance for cook 16384mb min free memory 0mb
[2020.10.29-17.25.44:766][  0]LogCook: Display: Mobile HDR setting 1
[2020.10.29-17.25.44:768][  0]LogGameplayTags: Display: UGameplayTagsManager::DoneAddingNativeTags. DelegateIsBound: 0
[2020.10.29-17.25.44:769][  0]LogStats: UGameplayTagsManager::ConstructGameplayTagTree: ImportINI prefixes -  0.000 s
[2020.10.29-17.25.44:769][  0]LogStats: UGameplayTagsManager::ConstructGameplayTagTree: Construct from data asset -  0.000 s
[2020.10.29-17.25.44:769][  0]LogStats: UGameplayTagsManager::ConstructGameplayTagTree: ImportINI -  0.000 s
[2020.10.29-17.25.44:769][  0]LogStats: UGameplayTagsManager::ConstructGameplayTagTree: GameplayTagTreeChangedEvent.Broadcast -  0.000 s
[2020.10.29-17.25.45:420][  0]SourceControl: 소스 컨트롤이 꺼졌습니다.
[2020.10.29-17.25.45:422][  0]Cmd: MAP LOAD FILE="D:/Unreal-Engine/Project01/Content/FirstPersonBP/Maps/FirstPersonExampleMap.umap" TEMPLATE=0 SHOWPROGRESS=1 FEATURELEVEL=3
[2020.10.29-17.25.45:433][  0]LightingResults: New page: 라이팅 빌드
[2020.10.29-17.25.45:462][  0]MapCheck: New page: 맵 체크
[2020.10.29-17.25.45:463][  0]LightingResults: New page: 라이팅 빌드
[2020.10.29-17.25.46:599][  0]LogAIModule: Creating AISystem for world FirstPersonExampleMap
[2020.10.29-17.25.46:726][  0]LogEditorServer: Finished looking for orphan Actors (0.001 secs)
[2020.10.29-17.25.46:788][  0]Cmd: MAP CHECKDEP NOCLEARLOG
[2020.10.29-17.25.46:789][  0]MapCheck: 맵 체크 완료: 오류 0 회, 경고 0 회, 소요 시간 0.68ms.
[2020.10.29-17.25.46:791][  0]LogFileHelpers: Loading map 'FirstPersonExampleMap' took 1.370
[2020.10.29-17.25.47:134][  0]LogSlate: Updating window title bar state: overlay mode, drag disabled, window buttons hidden, title bar hidden
[2020.10.29-17.25.47:147][  0]LogSlate: Updating window title bar state: overlay mode, drag disabled, window buttons hidden, title bar hidden
[2020.10.29-17.25.47:155][  0]LogSlate: Updating window title bar state: overlay mode, drag disabled, window buttons hidden, title bar hidden
[2020.10.29-17.25.47:163][  0]LogSlate: Updating window title bar state: overlay mode, drag disabled, window buttons hidden, title bar hidden
[2020.10.29-17.25.47:206][  0]LogCollectionManager: Loaded 0 collections in 0.002571 seconds
[2020.10.29-17.25.47:290][  0]LogFileCache: Scanning file cache for directory 'D:/Unreal-Engine/Project01/Saved/Collections/' took 0.01s
[2020.10.29-17.25.47:290][  0]LogFileCache: Scanning file cache for directory 'D:/Unreal-Engine/Project01/Content/Developers/HyunjuLee/Collections/' took 0.01s
[2020.10.29-17.25.47:290][  0]LogFileCache: Scanning file cache for directory 'D:/Unreal-Engine/Project01/Content/Collections/' took 0.01s
[2020.10.29-17.25.47:290][  0]LogCollectionManager: Rebuilt the GUID cache for 0 collections in 0.000001 seconds
[2020.10.29-17.25.47:310][  0]LogContentBrowser: Native class hierarchy populated in 0.0156 seconds. Added 2651 classes and 620 folders.
[2020.10.29-17.25.47:342][  0]LogContentBrowser: Native class hierarchy updated for 'WidgetCarousel' in 0.0006 seconds. Added 0 classes and 0 folders.
[2020.10.29-17.25.47:361][  0]LogPakFile: Registered encryption key '00000000000000000000000000000000': 0 pak files mounted, 0 remain pending
[2020.10.29-17.25.47:370][  0]LogPakFile: Registered encryption key '00000000000000000000000000000000': 0 pak files mounted, 0 remain pending
[2020.10.29-17.25.47:372][  0]LogPakFile: Registered encryption key '00000000000000000000000000000000': 0 pak files mounted, 0 remain pending
[2020.10.29-17.25.47:375][  0]LogPakFile: Registered encryption key '00000000000000000000000000000000': 0 pak files mounted, 0 remain pending
[2020.10.29-17.25.47:379][  0]LogPakFile: Registered encryption key '00000000000000000000000000000000': 0 pak files mounted, 0 remain pending
[2020.10.29-17.25.47:382][  0]LogPakFile: Registered encryption key '00000000000000000000000000000000': 0 pak files mounted, 0 remain pending
[2020.10.29-17.25.47:384][  0]LogPakFile: Registered encryption key '00000000000000000000000000000000': 0 pak files mounted, 0 remain pending
[2020.10.29-17.25.47:386][  0]LogPakFile: Registered encryption key '00000000000000000000000000000000': 0 pak files mounted, 0 remain pending
[2020.10.29-17.25.47:389][  0]LogPakFile: Registered encryption key '00000000000000000000000000000000': 0 pak files mounted, 0 remain pending
[2020.10.29-17.25.47:392][  0]LogPakFile: Registered encryption key '00000000000000000000000000000000': 0 pak files mounted, 0 remain pending
[2020.10.29-17.25.47:396][  0]LogPakFile: Registered encryption key '00000000000000000000000000000000': 0 pak files mounted, 0 remain pending
[2020.10.29-17.25.47:398][  0]LogPakFile: Registered encryption key '00000000000000000000000000000000': 0 pak files mounted, 0 remain pending
[2020.10.29-17.25.47:400][  0]LogPakFile: Registered encryption key '00000000000000000000000000000000': 0 pak files mounted, 0 remain pending
[2020.10.29-17.25.47:403][  0]LogPakFile: Registered encryption key '00000000000000000000000000000000': 0 pak files mounted, 0 remain pending
[2020.10.29-17.25.47:406][  0]LogPakFile: Registered encryption key '00000000000000000000000000000000': 0 pak files mounted, 0 remain pending
[2020.10.29-17.25.47:408][  0]LogPakFile: Registered encryption key '00000000000000000000000000000000': 0 pak files mounted, 0 remain pending
[2020.10.29-17.25.47:412][  0]LogPakFile: Registered encryption key '00000000000000000000000000000000': 0 pak files mounted, 0 remain pending
[2020.10.29-17.25.47:415][  0]LogPakFile: Registered encryption key '00000000000000000000000000000000': 0 pak files mounted, 0 remain pending
[2020.10.29-17.25.47:416][  0]LogPakFile: Registered encryption key '00000000000000000000000000000000': 0 pak files mounted, 0 remain pending
[2020.10.29-17.25.47:419][  0]LogPakFile: Registered encryption key '00000000000000000000000000000000': 0 pak files mounted, 0 remain pending
[2020.10.29-17.25.47:421][  0]LogPakFile: Registered encryption key '00000000000000000000000000000000': 0 pak files mounted, 0 remain pending
[2020.10.29-17.25.47:423][  0]LogPakFile: Registered encryption key '00000000000000000000000000000000': 0 pak files mounted, 0 remain pending
[2020.10.29-17.25.47:425][  0]LogPakFile: Registered encryption key '00000000000000000000000000000000': 0 pak files mounted, 0 remain pending
[2020.10.29-17.25.47:429][  0]LogPakFile: Registered encryption key '00000000000000000000000000000000': 0 pak files mounted, 0 remain pending
[2020.10.29-17.25.47:431][  0]LogPakFile: Registered encryption key '00000000000000000000000000000000': 0 pak files mounted, 0 remain pending
[2020.10.29-17.25.47:433][  0]LogPakFile: Registered encryption key '00000000000000000000000000000000': 0 pak files mounted, 0 remain pending
[2020.10.29-17.25.47:653][  0]LogContentBrowser: Native class hierarchy updated for 'AddContentDialog' in 0.0003 seconds. Added 0 classes and 0 folders.
[2020.10.29-17.25.47:680][  0]LogContentBrowser: Native class hierarchy updated for 'SceneOutliner' in 0.0004 seconds. Added 1 classes and 2 folders.
[2020.10.29-17.25.47:794][  0]LogSlate: Took 0.003250 seconds to synchronously load lazily loaded font '../../../Engine/Content/Slate/Fonts/Roboto-Regular.ttf' (155K)
[2020.10.29-17.25.47:815][  0]LogSlate: Took 0.016005 seconds to synchronously load lazily loaded font '../../../Engine/Content/Editor/Slate/Fonts/NanumGothic.ttf' (4243K)
[2020.10.29-17.25.47:831][  0]LogSlate: Took 0.014962 seconds to synchronously load lazily loaded font '../../../Engine/Content/Editor/Slate/Fonts/NanumGothicBold.ttf' (4188K)
[2020.10.29-17.25.47:833][  0]LogSlate: Took 0.002119 seconds to synchronously load lazily loaded font '../../../Engine/Content/Slate/Fonts/Roboto-Bold.ttf' (160K)
[2020.10.29-17.25.47:847][  0]LogSlate: Took 0.001694 seconds to synchronously load lazily loaded font '../../../Engine/Content/Editor/Slate/Fonts/FontAwesome.ttf' (139K)
[2020.10.29-17.25.48:123][  0]LogRenderer: Reallocating scene render targets to support 1208x576 Format 10 NumSamples 1 (Frame:1).
[2020.10.29-17.25.50:925][  0]LogSlate: FSceneViewport::OnFocusLost() reason 2
[2020.10.29-17.25.50:993][  0]LogSlate: Window '튜토리얼' being destroyed
[2020.10.29-17.25.51:061][  0]LogContentBrowser: Native class hierarchy updated for 'HierarchicalLODOutliner' in 0.0008 seconds. Added 0 classes and 0 folders.
[2020.10.29-17.25.51:062][  0]LogLoad: (Engine Initialization) Total time: 38.04 seconds
[2020.10.29-17.25.51:062][  0]LogLoad: (Engine Initialization) Total Blueprint compile time: 0.00 seconds
[2020.10.29-17.25.51:175][  0]LogContentStreaming: Texture pool size now 1000 MB
[2020.10.29-17.25.51:212][  0]LogSlate: Took 0.003104 seconds to synchronously load lazily loaded font '../../../Engine/Content/Slate/Fonts/Roboto-Light.ttf' (167K)
[2020.10.29-17.25.52:436][  6]LogAssetRegistry: Asset discovery search completed in 22.6554 seconds
[2020.10.29-17.25.52:439][  6]LogCollectionManager: Rebuilt the object cache for 0 collections in 0.000000 seconds (found 0 objects)
[2020.10.29-17.25.52:439][  6]LogCollectionManager: Fixed up redirectors for 0 collections in 0.000107 seconds (updated 0 objects)
[2020.10.29-17.26.03:465][ 39]LogSlate: FSceneViewport::OnFocusLost() reason 0
[2020.10.29-17.26.21:135][132]LogEditorViewport: Clicking on Actor (LMB): StaticMeshActor (EditorCube8)
[2020.10.29-17.26.39:933][580]LogSlate: FSceneViewport::OnFocusLost() reason 0
[2020.10.29-17.27.06:306][275]LogSlate: Took 0.003565 seconds to synchronously load lazily loaded font '../../../Engine/Content/Slate/Fonts/Roboto-Italic.ttf' (157K)
[2020.10.29-17.28.13:227][133]LogSlate: FSceneViewport::OnFocusLost() reason 0
[2020.10.29-17.28.26:954][824]LogSlate: FSceneViewport::OnFocusLost() reason 0
[2020.10.29-17.28.30:147][ 66]LogEditorViewport: Clicking on Actor (LMB): StaticMeshActor (Floor)
[2020.10.29-17.28.31:217][ 88]LogEditorViewport: Clicking on Actor (LMB): StaticMeshActor (EditorCube8)
[2020.10.29-17.28.36:981][230]LogSlate: FSceneViewport::OnFocusLost() reason 0
[2020.10.29-17.31.17:827][529]LogEditorViewport: Clicking on Actor (context menu): StaticMeshActor (EditorCube8)
[2020.10.29-17.31.17:902][529]LogSlate: FSceneViewport::OnFocusLost() reason 2
[2020.10.29-17.31.18:656][572]LogEditorViewport: Clicking on Actor (LMB): StaticMeshActor (EditorCube8)
[2020.10.29-17.31.20:974][630]LogEditorViewport: Clicking on Actor (LMB): StaticMeshActor (EditorCube8)
[2020.10.29-17.31.57:823][999]LogSlate: FSceneViewport::OnFocusLost() reason 2
[2020.10.29-17.31.59:649][127]LogSlate: FSceneViewport::OnFocusLost() reason 2
[2020.10.29-17.32.06:086][127]LogSlate: Window '새 레벨' being destroyed
[2020.10.29-17.32.06:109][127]Cmd: MAP LOAD FILE="../../../Engine/Content/Maps/Templates/Template_Default.umap" TEMPLATE=1 SHOWPROGRESS=1 FEATURELEVEL=3
[2020.10.29-17.32.06:125][127]LogSlate: Took 0.004985 seconds to synchronously load lazily loaded font '../../../Engine/Content/Slate/Fonts/Roboto-Light.ttf' (167K)
[2020.10.29-17.32.06:132][127]LogSlate: FSceneViewport::OnFocusLost() reason 2
[2020.10.29-17.32.06:148][127]LightingResults: New page: 라이팅 빌드
[2020.10.29-17.32.06:150][127]LoadErrors: New page: 맵 로드중: Template_Default.umap
[2020.10.29-17.32.06:157][127]MapCheck: New page: 맵 체크
[2020.10.29-17.32.06:157][127]LightingResults: New page: 라이팅 빌드
[2020.10.29-17.32.06:299][127]LogAIModule: Creating AISystem for world Untitled_1
[2020.10.29-17.32.06:320][127]LogEditorServer: Finished looking for orphan Actors (0.000 secs)
[2020.10.29-17.32.06:366][127]Cmd: MAP CHECKDEP NOCLEARLOG
[2020.10.29-17.32.06:366][127]MapCheck: 맵 체크 완료: 오류 0 회, 경고 0 회, 소요 시간 0.298ms.
[2020.10.29-17.32.06:366][127]LogFileHelpers: Loading map 'Template_Default' took 0.264
[2020.10.29-17.33.24:850][108]LogSlate: FSceneViewport::OnFocusLost() reason 0
[2020.10.29-17.33.29:379][278]LogTemp: Repeating last play command: 선택된 뷰포트
[2020.10.29-17.33.29:412][278]LogBlueprintUserMessages: Early PlayInEditor Detection: Level '/Temp/Untitled_1.Untitled_1:PersistentLevel' has LevelScriptBlueprint '/Temp/Untitled_1.Untitled_1:PersistentLevel.Untitled' with GeneratedClass '/Temp/Untitled_1.Untitled_C' with ClassGeneratedBy '/Temp/Untitled_1.Untitled_1:PersistentLevel.Untitled'
[2020.10.29-17.33.29:414][278]LogPlayLevel: PlayLevel: No blueprints needed recompiling
[2020.10.29-17.33.29:426][278]PIE: New page: PIE 세션: Untitled_1 (2020. 10. 30. 오전 11:33:29)
[2020.10.29-17.33.29:452][278]LogPlayLevel: Creating play world package: /Temp/UEDPIE_0_Untitled_1
[2020.10.29-17.33.29:462][278]LogPlayLevel: PIE: StaticDuplicateObject took: (0.009647s)
[2020.10.29-17.33.29:463][278]LogAIModule: Creating AISystem for world Untitled_1
[2020.10.29-17.33.29:463][278]LogPlayLevel: PIE: World Init took: (0.001571s)
[2020.10.29-17.33.29:464][278]LogPlayLevel: PIE: Created PIE world by copying editor world from /Temp/Untitled_1.Untitled_1 to /Temp/UEDPIE_0_Untitled_1.Untitled_1 (0.011770s)
[2020.10.29-17.33.29:627][278]LogInit: XAudio2 using 'Speakers(Conexant HD Audio)' : 2 channels at 48 kHz using 32 bits per sample (channel mask 0x3)
[2020.10.29-17.33.29:875][278]LogInit: FAudioDevice initialized.
[2020.10.29-17.33.29:929][278]LogLoad: Game class is 'FirstPersonGameMode_C'
[2020.10.29-17.33.29:942][278]LogWorld: Bringing World /Temp/UEDPIE_0_Untitled_1.Untitled_1 up for play (max tick rate 0) at 2020.10.30-02.33.29
[2020.10.29-17.33.29:944][278]LogWorld: Bringing up level for play took: 0.002721
[2020.10.29-17.33.30:015][278]LogContentBrowser: Native class hierarchy updated for 'MovieSceneCapture' in 0.0012 seconds. Added 20 classes and 0 folders.
[2020.10.29-17.33.30:037][278]PIE: /Temp/UEDPIE_0_Untitled_1 에 대한 에디터에서 플레이 시작 시간: 0.851
[2020.10.29-17.33.30:037][278]LogBlueprintUserMessages: Late PlayInEditor Detection: Level '/Temp/Untitled_1.Untitled_1:PersistentLevel' has LevelScriptBlueprint '/Temp/Untitled_1.Untitled_1:PersistentLevel.Untitled' with GeneratedClass '/Temp/Untitled_1.Untitled_C' with ClassGeneratedBy '/Temp/Untitled_1.Untitled_1:PersistentLevel.Untitled'
[2020.10.29-17.33.43:833][787]LogBlueprintUserMessages: Early EndPlayMap Detection: Level '/Temp/Untitled_1.Untitled_1:PersistentLevel' has LevelScriptBlueprint '/Temp/Untitled_1.Untitled_1:PersistentLevel.Untitled' with GeneratedClass '/Temp/Untitled_1.Untitled_C' with ClassGeneratedBy '/Temp/Untitled_1.Untitled_1:PersistentLevel.Untitled'
[2020.10.29-17.33.43:836][787]LogSlate: Updating window title bar state: overlay mode, drag disabled, window buttons hidden, title bar hidden
[2020.10.29-17.33.43:903][787]LogPlayLevel: Display: Shutting down PIE online subsystems
[2020.10.29-17.33.43:904][787]LogBlueprintUserMessages: Late EndPlayMap Detection: Level '/Temp/Untitled_1.Untitled_1:PersistentLevel' has LevelScriptBlueprint '/Temp/Untitled_1.Untitled_1:PersistentLevel.Untitled' with GeneratedClass '/Temp/Untitled_1.Untitled_C' with ClassGeneratedBy '/Temp/Untitled_1.Untitled_1:PersistentLevel.Untitled'
[2020.10.29-17.33.43:948][787]LogSlate: Updating window title bar state: overlay mode, drag disabled, window buttons hidden, title bar hidden
[2020.10.29-17.33.43:998][788]LogPlayLevel: Display: Destroying online subsystem :Context_3
[2020.10.29-17.33.46:081][841]LogEditorViewport: Clicking on Actor (LMB): StaticMeshActor (Floor)
[2020.10.29-17.33.59:119][911]LogEditorViewport: Clicking on Actor (LMB): BP_Sky_Sphere_C (Sky Sphere)
[2020.10.29-17.34.00:435][945]Cmd: CAMERA ALIGN ACTIVEVIEWPORTONLY
[2020.10.29-17.34.02:159][990]LogEditorViewport: Clicking on Actor (LMB): BP_Sky_Sphere_C (Sky Sphere)
[2020.10.29-17.34.02:543][  1]Cmd: SELECT NONE
[2020.10.29-17.34.03:396][ 26]LogEditorViewport: Clicking on Actor (LMB): BP_Sky_Sphere_C (Sky Sphere)
[2020.10.29-17.34.04:366][ 51]Cmd: CAMERA ALIGN ACTIVEVIEWPORTONLY
[2020.10.29-17.34.05:881][ 91]LogSlate: FSceneViewport::OnFocusLost() reason 0
[2020.10.29-17.34.06:465][105]Cmd: CAMERA ALIGN ACTIVEVIEWPORTONLY
[2020.10.29-17.34.08:004][145]Cmd: CAMERA ALIGN ACTIVEVIEWPORTONLY
[2020.10.29-17.34.44:585][623]LogSlate: FSceneViewport::OnFocusLost() reason 0
[2020.10.29-17.34.59:227][ 20]LogSlate: FSceneViewport::OnFocusLost() reason 0
[2020.10.29-17.35.00:400][ 49]LogEditorViewport: Clicking on Actor (LMB): StaticMeshActor (Floor)
[2020.10.29-17.35.14:287][159]LogSlate: FSceneViewport::OnFocusLost() reason 0
[2020.10.29-17.35.23:295][389]Cmd: BRUSH ADD SELECTNEWBRUSH
[2020.10.29-17.35.25:438][445]Cmd: CAMERA ALIGN ACTIVEVIEWPORTONLY
[2020.10.29-17.36.42:990][197]LogSlate: FSceneViewport::OnFocusLost() reason 0
[2020.10.29-17.37.39:332][238]Cmd: EDIT COPY
[2020.10.29-17.38.13:582][857]LogEditorViewport: Clicking on Actor (LMB): StaticMeshActor (Floor)
[2020.10.29-17.40.17:132][147]LogSlate: FSceneViewport::OnFocusLost() reason 2
[2020.10.29-17.40.17:951][167]LogEditorViewport: Clicking on Actor (context menu): BP_Sky_Sphere_C (Sky Sphere)
[2020.10.29-17.40.18:115][167]LogSlate: FSceneViewport::OnFocusLost() reason 2
[2020.10.29-17.40.23:687][287]Cmd: EDIT COPY
[2020.10.29-17.40.24:106][297]Cmd: EDIT PASTE
[2020.10.29-17.41.56:650][206]LogSlate: FSceneViewport::OnFocusLost() reason 2
[2020.10.29-17.41.57:383][223]LogEditorViewport: Clicking on Actor (context menu): BP_Sky_Sphere_C (Sky Sphere)
[2020.10.29-17.41.57:554][223]LogSlate: FSceneViewport::OnFocusLost() reason 2
[2020.10.29-17.42.40:724][574]Cmd: EDIT COPY
[2020.10.29-17.42.41:887][603]Cmd: EDIT PASTE
[2020.10.29-17.42.44:836][675]LogSlate: FSceneViewport::OnFocusLost() reason 0
[2020.10.29-17.42.59:409][ 27]Cmd: TRANSACTION UNDO
[2020.10.29-17.42.59:410][ 27]LogEditorTransaction: Undo 액터 회전
[2020.10.29-17.43.42:591][ 19]Cmd: TRANSACTION UNDO
[2020.10.29-17.43.42:591][ 19]LogEditorTransaction: Undo 액터 회전
[2020.10.29-17.43.45:402][ 85]LogSlate: FSceneViewport::OnFocusLost() reason 0
[2020.10.29-17.44.37:715][412]Cmd: EDIT COPY
[2020.10.29-17.44.38:351][428]Cmd: EDIT PASTE
[2020.10.29-17.45.07:145][154]LogSlate: FSceneViewport::OnFocusLost() reason 2
[2020.10.29-17.45.21:425][501]LogEditorViewport: Clicking on Actor (context menu): Brush (Box 브러시3)
[2020.10.29-17.45.21:490][501]LogSlate: FSceneViewport::OnFocusLost() reason 2
[2020.10.29-17.47.50:292][708]LogEditorViewport: Clicking on Actor (LMB): PlayerStart (Player Start)
[2020.10.29-17.47.54:603][817]LogNavigationPoint: PostEditMove Clear paths rebuilt
[2020.10.29-17.47.55:995][851]LogEditorViewport: Clicking on Actor (LMB): SphereReflectionCapture (SphereReflectionCapture)
[2020.10.29-17.47.57:869][896]LogSlate: Took 0.021898 seconds to synchronously load lazily loaded font '../../../Engine/Content/Slate/Fonts/../../Editor/Slate/Fonts/NanumGothic.ttf' (4243K)
[2020.10.29-17.48.05:142][ 79]LogSlate: FSceneViewport::OnFocusLost() reason 0
[2020.10.29-17.48.05:257][ 82]LogTemp: Repeating last play command: 선택된 뷰포트
[2020.10.29-17.48.05:269][ 82]LogBlueprintUserMessages: Early PlayInEditor Detection: Level '/Temp/Untitled_1.Untitled_1:PersistentLevel' has LevelScriptBlueprint '/Temp/Untitled_1.Untitled_1:PersistentLevel.Untitled' with GeneratedClass '/Temp/Untitled_1.Untitled_C' with ClassGeneratedBy '/Temp/Untitled_1.Untitled_1:PersistentLevel.Untitled'
[2020.10.29-17.48.05:269][ 82]LogPlayLevel: PlayLevel: No blueprints needed recompiling
[2020.10.29-17.48.05:273][ 82]PIE: New page: PIE 세션: Untitled_1 (2020. 10. 30. 오전 11:48:05)
[2020.10.29-17.48.05:274][ 82]LogPlayLevel: Creating play world package: /Temp/UEDPIE_0_Untitled_1
[2020.10.29-17.48.05:303][ 82]LogPlayLevel: PIE: StaticDuplicateObject took: (0.029301s)
[2020.10.29-17.48.05:311][ 82]LogAIModule: Creating AISystem for world Untitled_1
[2020.10.29-17.48.05:314][ 82]LogPlayLevel: PIE: World Init took: (0.010339s)
[2020.10.29-17.48.05:314][ 82]LogPlayLevel: PIE: Created PIE world by copying editor world from /Temp/Untitled_1.Untitled_1 to /Temp/UEDPIE_0_Untitled_1.Untitled_1 (0.040507s)
[2020.10.29-17.48.05:457][ 82]LogInit: XAudio2 using 'Speakers(Conexant HD Audio)' : 2 channels at 48 kHz using 32 bits per sample (channel mask 0x3)
[2020.10.29-17.48.05:666][ 82]LogInit: FAudioDevice initialized.
[2020.10.29-17.48.05:708][ 82]LogLoad: Game class is 'FirstPersonGameMode_C'
[2020.10.29-17.48.05:714][ 82]LogWorld: Bringing World /Temp/UEDPIE_0_Untitled_1.Untitled_1 up for play (max tick rate 0) at 2020.10.30-02.48.05
[2020.10.29-17.48.05:715][ 82]LogWorld: Bringing up level for play took: 0.002123
[2020.10.29-17.48.05:755][ 82]PIE: /Temp/UEDPIE_0_Untitled_1 에 대한 에디터에서 플레이 시작 시간: 0.568
[2020.10.29-17.48.05:755][ 82]LogBlueprintUserMessages: Late PlayInEditor Detection: Level '/Temp/Untitled_1.Untitled_1:PersistentLevel' has LevelScriptBlueprint '/Temp/Untitled_1.Untitled_1:PersistentLevel.Untitled' with GeneratedClass '/Temp/Untitled_1.Untitled_C' with ClassGeneratedBy '/Temp/Untitled_1.Untitled_1:PersistentLevel.Untitled'
[2020.10.29-17.48.19:131][513]LogBlueprintUserMessages: Early EndPlayMap Detection: Level '/Temp/Untitled_1.Untitled_1:PersistentLevel' has LevelScriptBlueprint '/Temp/Untitled_1.Untitled_1:PersistentLevel.Untitled' with GeneratedClass '/Temp/Untitled_1.Untitled_C' with ClassGeneratedBy '/Temp/Untitled_1.Untitled_1:PersistentLevel.Untitled'
[2020.10.29-17.48.19:134][513]LogSlate: Updating window title bar state: overlay mode, drag disabled, window buttons hidden, title bar hidden
[2020.10.29-17.48.19:236][513]LogPlayLevel: Display: Shutting down PIE online subsystems
[2020.10.29-17.48.19:238][513]LogBlueprintUserMessages: Late EndPlayMap Detection: Level '/Temp/Untitled_1.Untitled_1:PersistentLevel' has LevelScriptBlueprint '/Temp/Untitled_1.Untitled_1:PersistentLevel.Untitled' with GeneratedClass '/Temp/Untitled_1.Untitled_C' with ClassGeneratedBy '/Temp/Untitled_1.Untitled_1:PersistentLevel.Untitled'
[2020.10.29-17.48.19:275][513]LogSlate: Updating window title bar state: overlay mode, drag disabled, window buttons hidden, title bar hidden
[2020.10.29-17.48.19:328][514]LogPlayLevel: Display: Destroying online subsystem :Context_4
[2020.10.29-17.48.32:242][606]LogSlate: FSceneViewport::OnFocusLost() reason 0
[2020.10.29-17.48.32:335][608]LogTemp: Repeating last play command: 선택된 뷰포트
[2020.10.29-17.48.32:345][608]LogBlueprintUserMessages: Early PlayInEditor Detection: Level '/Temp/Untitled_1.Untitled_1:PersistentLevel' has LevelScriptBlueprint '/Temp/Untitled_1.Untitled_1:PersistentLevel.Untitled' with GeneratedClass '/Temp/Untitled_1.Untitled_C' with ClassGeneratedBy '/Temp/Untitled_1.Untitled_1:PersistentLevel.Untitled'
[2020.10.29-17.48.32:347][608]LogPlayLevel: PlayLevel: No blueprints needed recompiling
[2020.10.29-17.48.32:347][608]PIE: New page: PIE 세션: Untitled_1 (2020. 10. 30. 오전 11:48:32)
[2020.10.29-17.48.32:347][608]LogPlayLevel: Creating play world package: /Temp/UEDPIE_0_Untitled_1
[2020.10.29-17.48.32:356][608]LogPlayLevel: PIE: StaticDuplicateObject took: (0.009019s)
[2020.10.29-17.48.32:359][608]LogAIModule: Creating AISystem for world Untitled_1
[2020.10.29-17.48.32:360][608]LogPlayLevel: PIE: World Init took: (0.002799s)
[2020.10.29-17.48.32:360][608]LogPlayLevel: PIE: Created PIE world by copying editor world from /Temp/Untitled_1.Untitled_1 to /Temp/UEDPIE_0_Untitled_1.Untitled_1 (0.012473s)
[2020.10.29-17.48.32:522][608]LogInit: XAudio2 using 'Speakers(Conexant HD Audio)' : 2 channels at 48 kHz using 32 bits per sample (channel mask 0x3)
[2020.10.29-17.48.32:765][608]LogInit: FAudioDevice initialized.
[2020.10.29-17.48.32:802][608]LogLoad: Game class is 'FirstPersonGameMode_C'
[2020.10.29-17.48.32:804][608]LogWorld: Bringing World /Temp/UEDPIE_0_Untitled_1.Untitled_1 up for play (max tick rate 0) at 2020.10.30-02.48.32
[2020.10.29-17.48.32:805][608]LogWorld: Bringing up level for play took: 0.000944
[2020.10.29-17.48.32:821][608]PIE: /Temp/UEDPIE_0_Untitled_1 에 대한 에디터에서 플레이 시작 시간: -0.364
[2020.10.29-17.48.32:837][608]LogBlueprintUserMessages: Late PlayInEditor Detection: Level '/Temp/Untitled_1.Untitled_1:PersistentLevel' has LevelScriptBlueprint '/Temp/Untitled_1.Untitled_1:PersistentLevel.Untitled' with GeneratedClass '/Temp/Untitled_1.Untitled_C' with ClassGeneratedBy '/Temp/Untitled_1.Untitled_1:PersistentLevel.Untitled'
[2020.10.29-17.48.53:237][217]LogBlueprintUserMessages: Early EndPlayMap Detection: Level '/Temp/Untitled_1.Untitled_1:PersistentLevel' has LevelScriptBlueprint '/Temp/Untitled_1.Untitled_1:PersistentLevel.Untitled' with GeneratedClass '/Temp/Untitled_1.Untitled_C' with ClassGeneratedBy '/Temp/Untitled_1.Untitled_1:PersistentLevel.Untitled'
[2020.10.29-17.48.53:242][217]LogSlate: Updating window title bar state: overlay mode, drag disabled, window buttons hidden, title bar hidden
[2020.10.29-17.48.53:311][217]LogPlayLevel: Display: Shutting down PIE online subsystems
[2020.10.29-17.48.53:311][217]LogBlueprintUserMessages: Late EndPlayMap Detection: Level '/Temp/Untitled_1.Untitled_1:PersistentLevel' has LevelScriptBlueprint '/Temp/Untitled_1.Untitled_1:PersistentLevel.Untitled' with GeneratedClass '/Temp/Untitled_1.Untitled_C' with ClassGeneratedBy '/Temp/Untitled_1.Untitled_1:PersistentLevel.Untitled'
[2020.10.29-17.48.53:352][217]LogSlate: Updating window title bar state: overlay mode, drag disabled, window buttons hidden, title bar hidden
[2020.10.29-17.48.53:419][218]LogPlayLevel: Display: Destroying online subsystem :Context_5
[2020.10.29-17.49.32:978][359]Cmd: OBJ SAVEPACKAGE PACKAGE="/Temp/Untitled_1" FILE="D:/Unreal-Engine/Project01/Saved/Autosaves/Temp/Untitled_1_Auto1.umap" SILENT=true AUTOSAVING=true KEEPDIRTY=false
[2020.10.29-17.49.33:104][359]LogSavePackage: Moving 'D:/Unreal-Engine/Project01/Saved/Untitled_1_Auto1ECAA10074F10C8A6B8505099EA35F05A.tmp' to 'D:/Unreal-Engine/Project01/Saved/Autosaves/Temp/Untitled_1_Auto1.umap'
[2020.10.29-17.49.33:111][359]LogFileHelpers: Editor autosave (incl. sublevels) for '/Temp/Untitled_1' took 0.165
[2020.10.29-17.49.33:111][359]LogFileHelpers: Editor autosave (incl. sublevels) for all levels took 0.165
[2020.10.29-17.50.56:748][675]LogSlate: FSceneViewport::OnFocusLost() reason 0
[2020.10.29-17.50.56:870][678]LogTemp: Repeating last play command: 선택된 뷰포트
[2020.10.29-17.50.56:922][678]LogBlueprintUserMessages: Early PlayInEditor Detection: Level '/Temp/Untitled_1.Untitled_1:PersistentLevel' has LevelScriptBlueprint '/Temp/Untitled_1.Untitled_1:PersistentLevel.Untitled' with GeneratedClass '/Temp/Untitled_1.Untitled_C' with ClassGeneratedBy '/Temp/Untitled_1.Untitled_1:PersistentLevel.Untitled'
[2020.10.29-17.50.56:924][678]LogPlayLevel: PlayLevel: No blueprints needed recompiling
[2020.10.29-17.50.56:924][678]PIE: New page: PIE 세션: Untitled_1 (2020. 10. 30. 오전 11:50:56)
[2020.10.29-17.50.56:924][678]LogPlayLevel: Creating play world package: /Temp/UEDPIE_0_Untitled_1
[2020.10.29-17.50.56:945][678]LogPlayLevel: PIE: StaticDuplicateObject took: (0.021097s)
[2020.10.29-17.50.56:946][678]LogAIModule: Creating AISystem for world Untitled_1
[2020.10.29-17.50.56:946][678]LogPlayLevel: PIE: World Init took: (0.001501s)
[2020.10.29-17.50.56:946][678]LogPlayLevel: PIE: Created PIE world by copying editor world from /Temp/Untitled_1.Untitled_1 to /Temp/UEDPIE_0_Untitled_1.Untitled_1 (0.022954s)
[2020.10.29-17.50.57:077][678]LogInit: XAudio2 using 'Speakers(Conexant HD Audio)' : 2 channels at 48 kHz using 32 bits per sample (channel mask 0x3)
[2020.10.29-17.50.57:281][678]LogInit: FAudioDevice initialized.
[2020.10.29-17.50.57:316][678]LogLoad: Game class is 'FirstPersonGameMode_C'
[2020.10.29-17.50.57:318][678]LogWorld: Bringing World /Temp/UEDPIE_0_Untitled_1.Untitled_1 up for play (max tick rate 0) at 2020.10.30-02.50.57
[2020.10.29-17.50.57:318][678]LogWorld: Bringing up level for play took: 0.001096
[2020.10.29-17.50.57:335][678]PIE: /Temp/UEDPIE_0_Untitled_1 에 대한 에디터에서 플레이 시작 시간: 0.149
[2020.10.29-17.50.57:335][678]LogBlueprintUserMessages: Late PlayInEditor Detection: Level '/Temp/Untitled_1.Untitled_1:PersistentLevel' has LevelScriptBlueprint '/Temp/Untitled_1.Untitled_1:PersistentLevel.Untitled' with GeneratedClass '/Temp/Untitled_1.Untitled_C' with ClassGeneratedBy '/Temp/Untitled_1.Untitled_1:PersistentLevel.Untitled'
[2020.10.29-17.51.07:232][985]LogBlueprintUserMessages: Early EndPlayMap Detection: Level '/Temp/Untitled_1.Untitled_1:PersistentLevel' has LevelScriptBlueprint '/Temp/Untitled_1.Untitled_1:PersistentLevel.Untitled' with GeneratedClass '/Temp/Untitled_1.Untitled_C' with ClassGeneratedBy '/Temp/Untitled_1.Untitled_1:PersistentLevel.Untitled'
[2020.10.29-17.51.07:232][985]LogSlate: Updating window title bar state: overlay mode, drag disabled, window buttons hidden, title bar hidden
[2020.10.29-17.51.07:315][985]LogPlayLevel: Display: Shutting down PIE online subsystems
[2020.10.29-17.51.07:315][985]LogBlueprintUserMessages: Late EndPlayMap Detection: Level '/Temp/Untitled_1.Untitled_1:PersistentLevel' has LevelScriptBlueprint '/Temp/Untitled_1.Untitled_1:PersistentLevel.Untitled' with GeneratedClass '/Temp/Untitled_1.Untitled_C' with ClassGeneratedBy '/Temp/Untitled_1.Untitled_1:PersistentLevel.Untitled'
[2020.10.29-17.51.07:359][985]LogSlate: Updating window title bar state: overlay mode, drag disabled, window buttons hidden, title bar hidden
[2020.10.29-17.51.07:422][986]LogPlayLevel: Display: Destroying online subsystem :Context_6
[2020.10.29-17.51.33:290][394]LogSlate: FSceneViewport::OnFocusLost() reason 0
[2020.10.29-17.51.36:966][480]Cmd: BRUSH ADD SELECTNEWBRUSH
[2020.10.29-17.51.50:133][786]LogSlate: FSceneViewport::OnFocusLost() reason 2
[2020.10.29-17.52.05:726][147]Cmd: TRANSACTION UNDO
[2020.10.29-17.52.05:726][147]LogEditorTransaction: Undo 액터 이동
[2020.10.29-17.52.35:574][832]LogEditorViewport: Clicking on Actor (context menu): BP_Sky_Sphere_C (Sky Sphere)
[2020.10.29-17.52.35:739][832]LogSlate: FSceneViewport::OnFocusLost() reason 2
[2020.10.29-17.52.36:741][853]LogEditorViewport: Clicking on Actor (LMB): BP_Sky_Sphere_C (Sky Sphere)
[2020.10.29-17.52.37:478][869]LogSlate: FSceneViewport::OnFocusLost() reason 0
[2020.10.29-17.52.37:611][872]LogTemp: Repeating last play command: 선택된 뷰포트
[2020.10.29-17.52.37:631][872]LogBlueprintUserMessages: Early PlayInEditor Detection: Level '/Temp/Untitled_1.Untitled_1:PersistentLevel' has LevelScriptBlueprint '/Temp/Untitled_1.Untitled_1:PersistentLevel.Untitled' with GeneratedClass '/Temp/Untitled_1.Untitled_C' with ClassGeneratedBy '/Temp/Untitled_1.Untitled_1:PersistentLevel.Untitled'
[2020.10.29-17.52.37:631][872]LogPlayLevel: PlayLevel: No blueprints needed recompiling
[2020.10.29-17.52.37:631][872]PIE: New page: PIE 세션: Untitled_1 (2020. 10. 30. 오전 11:52:37)
[2020.10.29-17.52.37:632][872]LogPlayLevel: Creating play world package: /Temp/UEDPIE_0_Untitled_1
[2020.10.29-17.52.37:650][872]LogPlayLevel: PIE: StaticDuplicateObject took: (0.018919s)
[2020.10.29-17.52.37:652][872]LogAIModule: Creating AISystem for world Untitled_1
[2020.10.29-17.52.37:654][872]LogPlayLevel: PIE: World Init took: (0.003234s)
[2020.10.29-17.52.37:655][872]LogPlayLevel: PIE: Created PIE world by copying editor world from /Temp/Untitled_1.Untitled_1 to /Temp/UEDPIE_0_Untitled_1.Untitled_1 (0.022755s)
[2020.10.29-17.52.37:833][872]LogInit: XAudio2 using 'Speakers(Conexant HD Audio)' : 2 channels at 48 kHz using 32 bits per sample (channel mask 0x3)
[2020.10.29-17.52.38:089][872]LogInit: FAudioDevice initialized.
[2020.10.29-17.52.38:139][872]LogLoad: Game class is 'FirstPersonGameMode_C'
[2020.10.29-17.52.38:141][872]LogWorld: Bringing World /Temp/UEDPIE_0_Untitled_1.Untitled_1 up for play (max tick rate 0) at 2020.10.30-02.52.38
[2020.10.29-17.52.38:142][872]LogWorld: Bringing up level for play took: 0.001191
[2020.10.29-17.52.38:158][872]PIE: /Temp/UEDPIE_0_Untitled_1 에 대한 에디터에서 플레이 시작 시간: 0.972
[2020.10.29-17.52.38:158][872]LogBlueprintUserMessages: Late PlayInEditor Detection: Level '/Temp/Untitled_1.Untitled_1:PersistentLevel' has LevelScriptBlueprint '/Temp/Untitled_1.Untitled_1:PersistentLevel.Untitled' with GeneratedClass '/Temp/Untitled_1.Untitled_C' with ClassGeneratedBy '/Temp/Untitled_1.Untitled_1:PersistentLevel.Untitled'
[2020.10.29-17.52.42:237][987]LogBlueprintUserMessages: Early EndPlayMap Detection: Level '/Temp/Untitled_1.Untitled_1:PersistentLevel' has LevelScriptBlueprint '/Temp/Untitled_1.Untitled_1:PersistentLevel.Untitled' with GeneratedClass '/Temp/Untitled_1.Untitled_C' with ClassGeneratedBy '/Temp/Untitled_1.Untitled_1:PersistentLevel.Untitled'
[2020.10.29-17.52.42:237][987]LogSlate: Updating window title bar state: overlay mode, drag disabled, window buttons hidden, title bar hidden
[2020.10.29-17.52.42:304][987]LogPlayLevel: Display: Shutting down PIE online subsystems
[2020.10.29-17.52.42:304][987]LogBlueprintUserMessages: Late EndPlayMap Detection: Level '/Temp/Untitled_1.Untitled_1:PersistentLevel' has LevelScriptBlueprint '/Temp/Untitled_1.Untitled_1:PersistentLevel.Untitled' with GeneratedClass '/Temp/Untitled_1.Untitled_C' with ClassGeneratedBy '/Temp/Untitled_1.Untitled_1:PersistentLevel.Untitled'
[2020.10.29-17.52.42:350][987]LogSlate: Updating window title bar state: overlay mode, drag disabled, window buttons hidden, title bar hidden
[2020.10.29-17.52.42:404][988]LogPlayLevel: Display: Destroying online subsystem :Context_7
[2020.10.29-17.53.00:207][253]LogSlate: FSceneViewport::OnFocusLost() reason 0
[2020.10.29-17.53.03:215][323]Cmd: BRUSH ADD SELECTNEWBRUSH
[2020.10.29-17.53.59:583][ 18]LogSlate: FSceneViewport::OnFocusLost() reason 0
[2020.10.29-17.55.01:886][486]Cmd: EDCALLBACK SURFPROPS
[2020.10.29-17.55.06:544][603]LogSlate: FSceneViewport::OnFocusLost() reason 0
[2020.10.29-17.55.10:712][698]LogSlate: FSceneViewport::OnFocusLost() reason 0
[2020.10.29-17.55.18:536][851]LogTemp: Repeating last play command: 선택된 뷰포트
[2020.10.29-17.55.18:552][851]LogBlueprintUserMessages: Early PlayInEditor Detection: Level '/Temp/Untitled_1.Untitled_1:PersistentLevel' has LevelScriptBlueprint '/Temp/Untitled_1.Untitled_1:PersistentLevel.Untitled' with GeneratedClass '/Temp/Untitled_1.Untitled_C' with ClassGeneratedBy '/Temp/Untitled_1.Untitled_1:PersistentLevel.Untitled'
[2020.10.29-17.55.18:553][851]LogPlayLevel: PlayLevel: No blueprints needed recompiling
[2020.10.29-17.55.18:553][851]PIE: New page: PIE 세션: Untitled_1 (2020. 10. 30. 오전 11:55:18)
[2020.10.29-17.55.18:553][851]LogPlayLevel: Creating play world package: /Temp/UEDPIE_0_Untitled_1
[2020.10.29-17.55.18:572][851]LogPlayLevel: PIE: StaticDuplicateObject took: (0.019260s)
[2020.10.29-17.55.18:573][851]LogAIModule: Creating AISystem for world Untitled_1
[2020.10.29-17.55.18:573][851]LogPlayLevel: PIE: World Init took: (0.000773s)
[2020.10.29-17.55.18:573][851]LogPlayLevel: PIE: Created PIE world by copying editor world from /Temp/Untitled_1.Untitled_1 to /Temp/UEDPIE_0_Untitled_1.Untitled_1 (0.020178s)
[2020.10.29-17.55.18:700][851]LogInit: XAudio2 using 'Speakers(Conexant HD Audio)' : 2 channels at 48 kHz using 32 bits per sample (channel mask 0x3)
[2020.10.29-17.55.18:907][851]LogInit: FAudioDevice initialized.
[2020.10.29-17.55.18:966][851]LogLoad: Game class is 'FirstPersonGameMode_C'
[2020.10.29-17.55.18:968][851]LogWorld: Bringing World /Temp/UEDPIE_0_Untitled_1.Untitled_1 up for play (max tick rate 0) at 2020.10.30-02.55.18
[2020.10.29-17.55.18:969][851]LogWorld: Bringing up level for play took: 0.001379
[2020.10.29-17.55.18:987][851]PIE: /Temp/UEDPIE_0_Untitled_1 에 대한 에디터에서 플레이 시작 시간: -0.199
[2020.10.29-17.55.18:998][851]LogBlueprintUserMessages: Late PlayInEditor Detection: Level '/Temp/Untitled_1.Untitled_1:PersistentLevel' has LevelScriptBlueprint '/Temp/Untitled_1.Untitled_1:PersistentLevel.Untitled' with GeneratedClass '/Temp/Untitled_1.Untitled_C' with ClassGeneratedBy '/Temp/Untitled_1.Untitled_1:PersistentLevel.Untitled'
[2020.10.29-17.55.50:795][836]LogBlueprintUserMessages: Early EndPlayMap Detection: Level '/Temp/Untitled_1.Untitled_1:PersistentLevel' has LevelScriptBlueprint '/Temp/Untitled_1.Untitled_1:PersistentLevel.Untitled' with GeneratedClass '/Temp/Untitled_1.Untitled_C' with ClassGeneratedBy '/Temp/Untitled_1.Untitled_1:PersistentLevel.Untitled'
[2020.10.29-17.55.50:799][836]LogSlate: Updating window title bar state: overlay mode, drag disabled, window buttons hidden, title bar hidden
[2020.10.29-17.55.50:866][836]LogPlayLevel: Display: Shutting down PIE online subsystems
[2020.10.29-17.55.50:866][836]LogBlueprintUserMessages: Late EndPlayMap Detection: Level '/Temp/Untitled_1.Untitled_1:PersistentLevel' has LevelScriptBlueprint '/Temp/Untitled_1.Untitled_1:PersistentLevel.Untitled' with GeneratedClass '/Temp/Untitled_1.Untitled_C' with ClassGeneratedBy '/Temp/Untitled_1.Untitled_1:PersistentLevel.Untitled'
[2020.10.29-17.55.50:921][836]LogSlate: Updating window title bar state: overlay mode, drag disabled, window buttons hidden, title bar hidden
[2020.10.29-17.55.50:972][837]LogPlayLevel: Display: Destroying online subsystem :Context_8
[2020.10.29-17.56.30:060][488]LogSlate: FSceneViewport::OnFocusLost() reason 0
[2020.10.29-17.57.04:487][894]LogSlate: FSceneViewport::OnFocusLost() reason 0
[2020.10.29-17.57.09:055][990]LogSlate: FSceneViewport::OnFocusLost() reason 0
[2020.10.29-17.57.22:194][290]LogSlate: FSceneViewport::OnFocusLost() reason 0
[2020.10.29-17.57.27:805][395]LogSlate: FSceneViewport::OnFocusLost() reason 0
[2020.10.29-17.57.30:910][449]LogSlate: FSceneViewport::OnFocusLost() reason 0
[2020.10.29-17.58.06:919][ 76]Cmd: EDCALLBACK SURFPROPS
[2020.10.29-17.58.11:147][123]LogSlate: FSceneViewport::OnFocusLost() reason 0
[2020.10.29-17.58.28:370][452]LogSlate: FSceneViewport::OnFocusLost() reason 2
[2020.10.29-17.58.41:974][694]LogSlate: FSceneViewport::OnFocusLost() reason 2
[2020.10.29-17.58.50:897][886]LogSlate: FSceneViewport::OnFocusLost() reason 2
[2020.10.29-17.58.54:478][949]LogSlate: FSceneViewport::OnFocusLost() reason 2
[2020.10.29-17.58.56:352][993]LogSlate: FSceneViewport::OnFocusLost() reason 2
[2020.10.29-17.59.14:141][143]LogSlate: FSceneViewport::OnFocusLost() reason 2
[2020.10.29-17.59.31:108][504]LogSlate: FSceneViewport::OnFocusLost() reason 0
[2020.10.29-17.59.31:238][507]LogTemp: Repeating last play command: 선택된 뷰포트
[2020.10.29-17.59.31:247][507]LogBlueprintUserMessages: Early PlayInEditor Detection: Level '/Temp/Untitled_1.Untitled_1:PersistentLevel' has LevelScriptBlueprint '/Temp/Untitled_1.Untitled_1:PersistentLevel.Untitled' with GeneratedClass '/Temp/Untitled_1.Untitled_C' with ClassGeneratedBy '/Temp/Untitled_1.Untitled_1:PersistentLevel.Untitled'
[2020.10.29-17.59.31:248][507]LogPlayLevel: PlayLevel: No blueprints needed recompiling
[2020.10.29-17.59.31:248][507]PIE: New page: PIE 세션: Untitled_1 (2020. 10. 30. 오전 11:59:31)
[2020.10.29-17.59.31:249][507]LogPlayLevel: Creating play world package: /Temp/UEDPIE_0_Untitled_1
[2020.10.29-17.59.31:259][507]LogPlayLevel: PIE: StaticDuplicateObject took: (0.009823s)
[2020.10.29-17.59.31:260][507]LogAIModule: Creating AISystem for world Untitled_1
[2020.10.29-17.59.31:260][507]LogPlayLevel: PIE: World Init took: (0.000875s)
[2020.10.29-17.59.31:260][507]LogPlayLevel: PIE: Created PIE world by copying editor world from /Temp/Untitled_1.Untitled_1 to /Temp/UEDPIE_0_Untitled_1.Untitled_1 (0.011063s)
[2020.10.29-17.59.31:436][507]LogInit: XAudio2 using 'Speakers(Conexant HD Audio)' : 2 channels at 48 kHz using 32 bits per sample (channel mask 0x3)
[2020.10.29-17.59.31:647][507]LogInit: FAudioDevice initialized.
[2020.10.29-17.59.31:685][507]LogLoad: Game class is 'FirstPersonGameMode_C'
[2020.10.29-17.59.31:687][507]LogWorld: Bringing World /Temp/UEDPIE_0_Untitled_1.Untitled_1 up for play (max tick rate 0) at 2020.10.30-02.59.31
[2020.10.29-17.59.31:687][507]LogWorld: Bringing up level for play took: 0.001018
[2020.10.29-17.59.31:704][507]PIE: /Temp/UEDPIE_0_Untitled_1 에 대한 에디터에서 플레이 시작 시간: 0.519
[2020.10.29-17.59.31:715][507]LogBlueprintUserMessages: Late PlayInEditor Detection: Level '/Temp/Untitled_1.Untitled_1:PersistentLevel' has LevelScriptBlueprint '/Temp/Untitled_1.Untitled_1:PersistentLevel.Untitled' with GeneratedClass '/Temp/Untitled_1.Untitled_C' with ClassGeneratedBy '/Temp/Untitled_1.Untitled_1:PersistentLevel.Untitled'
[2020.10.29-17.59.58:998][313]LogBlueprintUserMessages: Early EndPlayMap Detection: Level '/Temp/Untitled_1.Untitled_1:PersistentLevel' has LevelScriptBlueprint '/Temp/Untitled_1.Untitled_1:PersistentLevel.Untitled' with GeneratedClass '/Temp/Untitled_1.Untitled_C' with ClassGeneratedBy '/Temp/Untitled_1.Untitled_1:PersistentLevel.Untitled'
[2020.10.29-17.59.58:999][313]LogSlate: Updating window title bar state: overlay mode, drag disabled, window buttons hidden, title bar hidden
[2020.10.29-17.59.59:064][313]LogPlayLevel: Display: Shutting down PIE online subsystems
[2020.10.29-17.59.59:064][313]LogBlueprintUserMessages: Late EndPlayMap Detection: Level '/Temp/Untitled_1.Untitled_1:PersistentLevel' has LevelScriptBlueprint '/Temp/Untitled_1.Untitled_1:PersistentLevel.Untitled' with GeneratedClass '/Temp/Untitled_1.Untitled_C' with ClassGeneratedBy '/Temp/Untitled_1.Untitled_1:PersistentLevel.Untitled'
[2020.10.29-17.59.59:106][313]LogSlate: Updating window title bar state: overlay mode, drag disabled, window buttons hidden, title bar hidden
[2020.10.29-17.59.59:158][314]LogPlayLevel: Display: Destroying online subsystem :Context_9
[2020.10.29-18.00.02:117][365]LogSlate: FSceneViewport::OnFocusLost() reason 2
[2020.10.29-18.00.12:626][487]LogSlate: FSceneViewport::OnFocusLost() reason 0
[2020.10.29-18.00.18:192][570]LogEditorViewport: Clicking on Actor (LMB): StaticMeshActor (Floor)
[2020.10.29-18.00.23:610][682]LogSlate: FSceneViewport::OnFocusLost() reason 0
[2020.10.29-18.00.23:742][685]LogTemp: Repeating last play command: 선택된 뷰포트
[2020.10.29-18.00.23:751][685]LogBlueprintUserMessages: Early PlayInEditor Detection: Level '/Temp/Untitled_1.Untitled_1:PersistentLevel' has LevelScriptBlueprint '/Temp/Untitled_1.Untitled_1:PersistentLevel.Untitled' with GeneratedClass '/Temp/Untitled_1.Untitled_C' with ClassGeneratedBy '/Temp/Untitled_1.Untitled_1:PersistentLevel.Untitled'
[2020.10.29-18.00.23:752][685]LogPlayLevel: PlayLevel: No blueprints needed recompiling
[2020.10.29-18.00.23:753][685]PIE: New page: PIE 세션: Untitled_1 (2020. 10. 30. 오후 12:00:23)
[2020.10.29-18.00.23:753][685]LogPlayLevel: Creating play world package: /Temp/UEDPIE_0_Untitled_1
[2020.10.29-18.00.23:771][685]LogPlayLevel: PIE: StaticDuplicateObject took: (0.017317s)
[2020.10.29-18.00.23:772][685]LogAIModule: Creating AISystem for world Untitled_1
[2020.10.29-18.00.23:773][685]LogPlayLevel: PIE: World Init took: (0.001860s)
[2020.10.29-18.00.23:773][685]LogPlayLevel: PIE: Created PIE world by copying editor world from /Temp/Untitled_1.Untitled_1 to /Temp/UEDPIE_0_Untitled_1.Untitled_1 (0.019721s)
[2020.10.29-18.00.23:944][685]LogInit: XAudio2 using 'Speakers(Conexant HD Audio)' : 2 channels at 48 kHz using 32 bits per sample (channel mask 0x3)
[2020.10.29-18.00.24:175][685]LogInit: FAudioDevice initialized.
[2020.10.29-18.00.24:211][685]LogLoad: Game class is 'FirstPersonGameMode_C'
[2020.10.29-18.00.24:213][685]LogWorld: Bringing World /Temp/UEDPIE_0_Untitled_1.Untitled_1 up for play (max tick rate 0) at 2020.10.30-03.00.24
[2020.10.29-18.00.24:214][685]LogWorld: Bringing up level for play took: 0.000903
[2020.10.29-18.00.24:230][685]PIE: /Temp/UEDPIE_0_Untitled_1 에 대한 에디터에서 플레이 시작 시간: 1.045
[2020.10.29-18.00.24:230][685]LogBlueprintUserMessages: Late PlayInEditor Detection: Level '/Temp/Untitled_1.Untitled_1:PersistentLevel' has LevelScriptBlueprint '/Temp/Untitled_1.Untitled_1:PersistentLevel.Untitled' with GeneratedClass '/Temp/Untitled_1.Untitled_C' with ClassGeneratedBy '/Temp/Untitled_1.Untitled_1:PersistentLevel.Untitled'
[2020.10.29-18.01.53:949][334]LogBlueprintUserMessages: Early EndPlayMap Detection: Level '/Temp/Untitled_1.Untitled_1:PersistentLevel' has LevelScriptBlueprint '/Temp/Untitled_1.Untitled_1:PersistentLevel.Untitled' with GeneratedClass '/Temp/Untitled_1.Untitled_C' with ClassGeneratedBy '/Temp/Untitled_1.Untitled_1:PersistentLevel.Untitled'
[2020.10.29-18.01.53:949][334]LogSlate: Updating window title bar state: overlay mode, drag disabled, window buttons hidden, title bar hidden
[2020.10.29-18.01.54:026][334]LogPlayLevel: Display: Shutting down PIE online subsystems
[2020.10.29-18.01.54:026][334]LogBlueprintUserMessages: Late EndPlayMap Detection: Level '/Temp/Untitled_1.Untitled_1:PersistentLevel' has LevelScriptBlueprint '/Temp/Untitled_1.Untitled_1:PersistentLevel.Untitled' with GeneratedClass '/Temp/Untitled_1.Untitled_C' with ClassGeneratedBy '/Temp/Untitled_1.Untitled_1:PersistentLevel.Untitled'
[2020.10.29-18.01.54:088][334]LogSlate: Updating window title bar state: overlay mode, drag disabled, window buttons hidden, title bar hidden
[2020.10.29-18.01.54:151][335]LogPlayLevel: Display: Destroying online subsystem :Context_10
